{"C:\\Users\\Mai\\Documents\\nttdata - clases\\proyecto\\my-market-MSD\\mi-market\\src\\App.tsx": {"path":"C:\\Users\\Mai\\Documents\\nttdata - clases\\proyecto\\my-market-MSD\\mi-market\\src\\App.tsx","statementMap":{"0":{"start":{"line":54,"column":0},"end":{"line":54,"column":24}},"1":{"start":{"line":1,"column":0},"end":{"line":1,"column":72}},"2":{"start":{"line":2,"column":0},"end":{"line":2,"column":66}},"3":{"start":{"line":3,"column":0},"end":{"line":3,"column":41}},"4":{"start":{"line":4,"column":0},"end":{"line":4,"column":41}},"5":{"start":{"line":5,"column":0},"end":{"line":5,"column":34}},"6":{"start":{"line":6,"column":0},"end":{"line":6,"column":36}},"7":{"start":{"line":7,"column":0},"end":{"line":7,"column":32}},"8":{"start":{"line":8,"column":0},"end":{"line":8,"column":40}},"9":{"start":{"line":13,"column":16},"end":{"line":13,"column":19}},"10":{"start":{"line":14,"column":13},"end":{"line":14,"column":14}},"11":{"start":{"line":15,"column":14},"end":{"line":15,"column":15}},"12":{"start":{"line":16,"column":25},"end":{"line":16,"column":27}},"13":{"start":{"line":17,"column":2},"end":{"line":33,"column":30}},"14":{"start":{"line":18,"column":16},"end":{"line":18,"column":89}},"15":{"start":{"line":19,"column":4},"end":{"line":19,"column":61}},"16":{"start":{"line":19,"column":16},"end":{"line":19,"column":61}},"17":{"start":{"line":20,"column":17},"end":{"line":20,"column":33}},"18":{"start":{"line":21,"column":18},"end":{"line":29,"column":18}},"19":{"start":{"line":21,"column":57},"end":{"line":29,"column":18}},"20":{"start":{"line":30,"column":4},"end":{"line":30,"column":23}},"21":{"start":{"line":31,"column":4},"end":{"line":31,"column":37}},"22":{"start":{"line":32,"column":4},"end":{"line":32,"column":32}},"23":{"start":{"line":34,"column":2},"end":{"line":34,"column":13}},"24":{"start":{"line":38,"column":14},"end":{"line":38,"column":73}},"25":{"start":{"line":39,"column":2},"end":{"line":39,"column":60}},"26":{"start":{"line":39,"column":14},"end":{"line":39,"column":60}},"27":{"start":{"line":40,"column":15},"end":{"line":40,"column":31}},"28":{"start":{"line":41,"column":2},"end":{"line":41,"column":40}},"29":{"start":{"line":45,"column":14},"end":{"line":45,"column":44}},"30":{"start":{"line":46,"column":19},"end":{"line":46,"column":24}},"31":{"start":{"line":47,"column":19},"end":{"line":47,"column":32}},"32":{"start":{"line":48,"column":2},"end":{"line":50,"column":3}},"33":{"start":{"line":49,"column":4},"end":{"line":49,"column":65}},"34":{"start":{"line":51,"column":2},"end":{"line":51,"column":18}},"35":{"start":{"line":55,"column":26},"end":{"line":58,"column":4}},"36":{"start":{"line":56,"column":16},"end":{"line":56,"column":46}},"37":{"start":{"line":57,"column":4},"end":{"line":57,"column":51}},"38":{"start":{"line":59,"column":34},"end":{"line":59,"column":57}},"39":{"start":{"line":60,"column":38},"end":{"line":60,"column":60}},"40":{"start":{"line":61,"column":32},"end":{"line":61,"column":46}},"41":{"start":{"line":62,"column":28},"end":{"line":62,"column":57}},"42":{"start":{"line":63,"column":26},"end":{"line":63,"column":50}},"43":{"start":{"line":65,"column":2},"end":{"line":83,"column":9}},"44":{"start":{"line":66,"column":20},"end":{"line":66,"column":25}},"45":{"start":{"line":67,"column":4},"end":{"line":81,"column":9}},"46":{"start":{"line":68,"column":6},"end":{"line":80,"column":7}},"47":{"start":{"line":69,"column":8},"end":{"line":69,"column":25}},"48":{"start":{"line":70,"column":30},"end":{"line":70,"column":88}},"49":{"start":{"line":71,"column":8},"end":{"line":71,"column":29}},"50":{"start":{"line":71,"column":22},"end":{"line":71,"column":29}},"51":{"start":{"line":72,"column":8},"end":{"line":72,"column":28}},"52":{"start":{"line":73,"column":8},"end":{"line":73,"column":27}},"53":{"start":{"line":74,"column":8},"end":{"line":74,"column":23}},"54":{"start":{"line":76,"column":8},"end":{"line":76,"column":29}},"55":{"start":{"line":76,"column":22},"end":{"line":76,"column":29}},"56":{"start":{"line":77,"column":8},"end":{"line":77,"column":57}},"57":{"start":{"line":79,"column":8},"end":{"line":79,"column":41}},"58":{"start":{"line":79,"column":23},"end":{"line":79,"column":41}},"59":{"start":{"line":82,"column":4},"end":{"line":82,"column":37}},"60":{"start":{"line":82,"column":17},"end":{"line":82,"column":34}},"61":{"start":{"line":85,"column":19},"end":{"line":85,"column":91}},"62":{"start":{"line":85,"column":32},"end":{"line":85,"column":82}},"63":{"start":{"line":87,"column":33},"end":{"line":87,"column":53}},"64":{"start":{"line":89,"column":4},"end":{"line":89,"column":91}},"65":{"start":{"line":89,"column":24},"end":{"line":89,"column":89}},"66":{"start":{"line":89,"column":38},"end":{"line":89,"column":88}},"67":{"start":{"line":92,"column":20},"end":{"line":108,"column":16}},"68":{"start":{"line":93,"column":4},"end":{"line":101,"column":7}},"69":{"start":{"line":94,"column":18},"end":{"line":94,"column":68}},"70":{"start":{"line":94,"column":39},"end":{"line":94,"column":67}},"71":{"start":{"line":95,"column":6},"end":{"line":99,"column":7}},"72":{"start":{"line":96,"column":21},"end":{"line":96,"column":30}},"73":{"start":{"line":97,"column":8},"end":{"line":97,"column":73}},"74":{"start":{"line":98,"column":8},"end":{"line":98,"column":20}},"75":{"start":{"line":100,"column":6},"end":{"line":100,"column":51}},"76":{"start":{"line":102,"column":20},"end":{"line":102,"column":59}},"77":{"start":{"line":102,"column":39},"end":{"line":102,"column":58}},"78":{"start":{"line":103,"column":4},"end":{"line":107,"column":5}},"79":{"start":{"line":104,"column":24},"end":{"line":104,"column":54}},"80":{"start":{"line":105,"column":21},"end":{"line":105,"column":58}},"81":{"start":{"line":106,"column":6},"end":{"line":106,"column":54}},"82":{"start":{"line":110,"column":20},"end":{"line":119,"column":8}},"83":{"start":{"line":111,"column":4},"end":{"line":118,"column":7}},"84":{"start":{"line":112,"column":18},"end":{"line":112,"column":67}},"85":{"start":{"line":112,"column":39},"end":{"line":112,"column":66}},"86":{"start":{"line":113,"column":6},"end":{"line":113,"column":34}},"87":{"start":{"line":113,"column":22},"end":{"line":113,"column":34}},"88":{"start":{"line":114,"column":19},"end":{"line":114,"column":28}},"89":{"start":{"line":115,"column":19},"end":{"line":115,"column":28}},"90":{"start":{"line":116,"column":6},"end":{"line":116,"column":61}},"91":{"start":{"line":117,"column":6},"end":{"line":117,"column":18}},"92":{"start":{"line":121,"column":25},"end":{"line":123,"column":8}},"93":{"start":{"line":122,"column":4},"end":{"line":122,"column":68}},"94":{"start":{"line":122,"column":20},"end":{"line":122,"column":66}},"95":{"start":{"line":122,"column":38},"end":{"line":122,"column":65}},"96":{"start":{"line":126,"column":4},"end":{"line":126,"column":18}},"97":{"start":{"line":127,"column":4},"end":{"line":127,"column":38}},"98":{"start":{"line":130,"column":2},"end":{"line":192,"column":4}},"99":{"start":{"line":148,"column":16},"end":{"line":148,"column":30}},"100":{"start":{"line":149,"column":16},"end":{"line":149,"column":69}},"101":{"start":{"line":175,"column":36},"end":{"line":175,"column":47}}},"fnMap":{"0":{"name":"fetchAllProducts","decl":{"start":{"line":12,"column":15},"end":{"line":12,"column":31}},"loc":{"start":{"line":12,"column":31},"end":{"line":35,"column":1}}},"1":{"name":"(anonymous_2)","decl":{"start":{"line":21,"column":44},"end":{"line":21,"column":45}},"loc":{"start":{"line":21,"column":57},"end":{"line":29,"column":18}}},"2":{"name":"fetchCategories","decl":{"start":{"line":37,"column":15},"end":{"line":37,"column":30}},"loc":{"start":{"line":37,"column":30},"end":{"line":42,"column":1}}},"3":{"name":"RequireAuth","decl":{"start":{"line":44,"column":9},"end":{"line":44,"column":20}},"loc":{"start":{"line":44,"column":58},"end":{"line":52,"column":1}}},"4":{"name":"App","decl":{"start":{"line":54,"column":24},"end":{"line":54,"column":27}},"loc":{"start":{"line":54,"column":27},"end":{"line":193,"column":1}}},"5":{"name":"(anonymous_6)","decl":{"start":{"line":55,"column":52},"end":{"line":55,"column":54}},"loc":{"start":{"line":55,"column":56},"end":{"line":58,"column":3}}},"6":{"name":"(anonymous_7)","decl":{"start":{"line":65,"column":12},"end":{"line":65,"column":14}},"loc":{"start":{"line":65,"column":16},"end":{"line":83,"column":3}}},"7":{"name":"(anonymous_8)","decl":{"start":{"line":67,"column":5},"end":{"line":67,"column":10}},"loc":{"start":{"line":67,"column":14},"end":{"line":81,"column":5}}},"8":{"name":"(anonymous_9)","decl":{"start":{"line":82,"column":11},"end":{"line":82,"column":13}},"loc":{"start":{"line":82,"column":15},"end":{"line":82,"column":36}}},"9":{"name":"(anonymous_10)","decl":{"start":{"line":85,"column":27},"end":{"line":85,"column":29}},"loc":{"start":{"line":85,"column":32},"end":{"line":85,"column":82}}},"10":{"name":"getStock","decl":{"start":{"line":87,"column":11},"end":{"line":87,"column":19}},"loc":{"start":{"line":87,"column":30},"end":{"line":87,"column":55}}},"11":{"name":"setProductStock","decl":{"start":{"line":88,"column":11},"end":{"line":88,"column":26}},"loc":{"start":{"line":88,"column":62},"end":{"line":90,"column":3}}},"12":{"name":"(anonymous_13)","decl":{"start":{"line":89,"column":16},"end":{"line":89,"column":20}},"loc":{"start":{"line":89,"column":24},"end":{"line":89,"column":89}}},"13":{"name":"(anonymous_14)","decl":{"start":{"line":89,"column":33},"end":{"line":89,"column":34}},"loc":{"start":{"line":89,"column":38},"end":{"line":89,"column":88}}},"14":{"name":"(anonymous_15)","decl":{"start":{"line":92,"column":32},"end":{"line":92,"column":33}},"loc":{"start":{"line":92,"column":66},"end":{"line":108,"column":3}}},"15":{"name":"(anonymous_16)","decl":{"start":{"line":93,"column":12},"end":{"line":93,"column":16}},"loc":{"start":{"line":93,"column":19},"end":{"line":101,"column":5}}},"16":{"name":"(anonymous_17)","decl":{"start":{"line":94,"column":33},"end":{"line":94,"column":35}},"loc":{"start":{"line":94,"column":39},"end":{"line":94,"column":67}}},"17":{"name":"(anonymous_18)","decl":{"start":{"line":102,"column":34},"end":{"line":102,"column":35}},"loc":{"start":{"line":102,"column":39},"end":{"line":102,"column":58}}},"18":{"name":"(anonymous_19)","decl":{"start":{"line":110,"column":32},"end":{"line":110,"column":33}},"loc":{"start":{"line":110,"column":70},"end":{"line":119,"column":3}}},"19":{"name":"(anonymous_20)","decl":{"start":{"line":111,"column":12},"end":{"line":111,"column":16}},"loc":{"start":{"line":111,"column":19},"end":{"line":118,"column":5}}},"20":{"name":"(anonymous_21)","decl":{"start":{"line":112,"column":33},"end":{"line":112,"column":35}},"loc":{"start":{"line":112,"column":39},"end":{"line":112,"column":66}}},"21":{"name":"(anonymous_22)","decl":{"start":{"line":121,"column":37},"end":{"line":121,"column":38}},"loc":{"start":{"line":121,"column":59},"end":{"line":123,"column":3}}},"22":{"name":"(anonymous_23)","decl":{"start":{"line":122,"column":12},"end":{"line":122,"column":16}},"loc":{"start":{"line":122,"column":20},"end":{"line":122,"column":66}}},"23":{"name":"(anonymous_24)","decl":{"start":{"line":122,"column":32},"end":{"line":122,"column":34}},"loc":{"start":{"line":122,"column":38},"end":{"line":122,"column":65}}},"24":{"name":"logout","decl":{"start":{"line":125,"column":11},"end":{"line":125,"column":17}},"loc":{"start":{"line":125,"column":17},"end":{"line":128,"column":3}}},"25":{"name":"(anonymous_26)","decl":{"start":{"line":147,"column":30},"end":{"line":147,"column":31}},"loc":{"start":{"line":147,"column":39},"end":{"line":150,"column":15}}},"26":{"name":"(anonymous_27)","decl":{"start":{"line":175,"column":30},"end":{"line":175,"column":33}},"loc":{"start":{"line":175,"column":36},"end":{"line":175,"column":47}}}},"branchMap":{"0":{"loc":{"start":{"line":19,"column":4},"end":{"line":19,"column":61}},"type":"if","locations":[{"start":{"line":19,"column":4},"end":{"line":19,"column":61}}]},"1":{"loc":{"start":{"line":21,"column":19},"end":{"line":21,"column":38}},"type":"binary-expr","locations":[{"start":{"line":21,"column":19},"end":{"line":21,"column":32}},{"start":{"line":21,"column":36},"end":{"line":21,"column":38}}]},"2":{"loc":{"start":{"line":26,"column":17},"end":{"line":26,"column":78}},"type":"binary-expr","locations":[{"start":{"line":26,"column":17},"end":{"line":26,"column":28}},{"start":{"line":26,"column":33},"end":{"line":26,"column":56}},{"start":{"line":26,"column":60},"end":{"line":26,"column":71}},{"start":{"line":26,"column":76},"end":{"line":26,"column":78}}]},"3":{"loc":{"start":{"line":31,"column":12},"end":{"line":31,"column":36}},"type":"binary-expr","locations":[{"start":{"line":31,"column":12},"end":{"line":31,"column":22}},{"start":{"line":31,"column":26},"end":{"line":31,"column":36}}]},"4":{"loc":{"start":{"line":32,"column":12},"end":{"line":32,"column":31}},"type":"binary-expr","locations":[{"start":{"line":32,"column":12},"end":{"line":32,"column":22}},{"start":{"line":32,"column":26},"end":{"line":32,"column":31}}]},"5":{"loc":{"start":{"line":39,"column":2},"end":{"line":39,"column":60}},"type":"if","locations":[{"start":{"line":39,"column":2},"end":{"line":39,"column":60}}]},"6":{"loc":{"start":{"line":41,"column":9},"end":{"line":41,"column":39}},"type":"cond-expr","locations":[{"start":{"line":41,"column":30},"end":{"line":41,"column":34}},{"start":{"line":41,"column":37},"end":{"line":41,"column":39}}]},"7":{"loc":{"start":{"line":48,"column":2},"end":{"line":50,"column":3}},"type":"if","locations":[{"start":{"line":48,"column":2},"end":{"line":50,"column":3}}]},"8":{"loc":{"start":{"line":57,"column":11},"end":{"line":57,"column":50}},"type":"cond-expr","locations":[{"start":{"line":57,"column":16},"end":{"line":57,"column":43}},{"start":{"line":57,"column":46},"end":{"line":57,"column":50}}]},"9":{"loc":{"start":{"line":71,"column":8},"end":{"line":71,"column":29}},"type":"if","locations":[{"start":{"line":71,"column":8},"end":{"line":71,"column":29}}]},"10":{"loc":{"start":{"line":76,"column":8},"end":{"line":76,"column":29}},"type":"if","locations":[{"start":{"line":76,"column":8},"end":{"line":76,"column":29}}]},"11":{"loc":{"start":{"line":79,"column":8},"end":{"line":79,"column":41}},"type":"if","locations":[{"start":{"line":79,"column":8},"end":{"line":79,"column":41}}]},"12":{"loc":{"start":{"line":85,"column":32},"end":{"line":85,"column":82}},"type":"cond-expr","locations":[{"start":{"line":85,"column":39},"end":{"line":85,"column":75}},{"start":{"line":85,"column":78},"end":{"line":85,"column":82}}]},"13":{"loc":{"start":{"line":87,"column":40},"end":{"line":87,"column":52}},"type":"binary-expr","locations":[{"start":{"line":87,"column":40},"end":{"line":87,"column":47}},{"start":{"line":87,"column":51},"end":{"line":87,"column":52}}]},"14":{"loc":{"start":{"line":89,"column":38},"end":{"line":89,"column":88}},"type":"cond-expr","locations":[{"start":{"line":89,"column":59},"end":{"line":89,"column":84}},{"start":{"line":89,"column":87},"end":{"line":89,"column":88}}]},"15":{"loc":{"start":{"line":95,"column":6},"end":{"line":99,"column":7}},"type":"if","locations":[{"start":{"line":95,"column":6},"end":{"line":99,"column":7}}]},"16":{"loc":{"start":{"line":103,"column":4},"end":{"line":107,"column":5}},"type":"if","locations":[{"start":{"line":103,"column":4},"end":{"line":107,"column":5}}]},"17":{"loc":{"start":{"line":113,"column":6},"end":{"line":113,"column":34}},"type":"if","locations":[{"start":{"line":113,"column":6},"end":{"line":113,"column":34}}]},"18":{"loc":{"start":{"line":132,"column":7},"end":{"line":133,"column":null}},"type":"binary-expr","locations":[{"start":{"line":132,"column":7},"end":{"line":132,"column":11}},{"start":{"line":133,"column":8},"end":{"line":133,"column":80}}]},"19":{"loc":{"start":{"line":137,"column":9},"end":{"line":140,"column":null}},"type":"binary-expr","locations":[{"start":{"line":137,"column":9},"end":{"line":137,"column":16}},{"start":{"line":138,"column":10},"end":{"line":138,"column":null}}]},"20":{"loc":{"start":{"line":146,"column":21},"end":{"line":150,"column":null}},"type":"cond-expr","locations":[{"start":{"line":146,"column":28},"end":{"line":146,"column":61}},{"start":{"line":147,"column":14},"end":{"line":150,"column":19}}]}},"s":{"0":1,"1":1,"2":1,"3":1,"4":1,"5":1,"6":1,"7":1,"8":1,"9":7,"10":7,"11":7,"12":7,"13":7,"14":7,"15":7,"16":0,"17":7,"18":7,"19":0,"20":7,"21":7,"22":7,"23":7,"24":7,"25":5,"26":0,"27":5,"28":5,"29":8,"30":8,"31":8,"32":8,"33":2,"34":6,"35":13,"36":7,"37":7,"38":13,"39":13,"40":13,"41":13,"42":13,"43":13,"44":7,"45":7,"46":7,"47":7,"48":7,"49":5,"50":0,"51":5,"52":5,"53":5,"54":1,"55":0,"56":1,"57":6,"58":6,"59":7,"60":7,"61":13,"62":9,"63":0,"64":0,"65":0,"66":0,"67":13,"68":0,"69":0,"70":0,"71":0,"72":0,"73":0,"74":0,"75":0,"76":0,"77":0,"78":0,"79":0,"80":0,"81":0,"82":13,"83":0,"84":0,"85":0,"86":0,"87":0,"88":0,"89":0,"90":0,"91":0,"92":13,"93":0,"94":0,"95":0,"96":1,"97":1,"98":13,"99":1,"100":1,"101":0},"f":{"0":7,"1":0,"2":7,"3":8,"4":13,"5":7,"6":7,"7":7,"8":7,"9":9,"10":0,"11":0,"12":0,"13":0,"14":0,"15":0,"16":0,"17":0,"18":0,"19":0,"20":0,"21":0,"22":0,"23":0,"24":1,"25":1,"26":0},"b":{"0":[0],"1":[7,0],"2":[0,0,0,0],"3":[7,0],"4":[7,0],"5":[0],"6":[5,0],"7":[2],"8":[3,4],"9":[0],"10":[0],"11":[6],"12":[4,5],"13":[0,0],"14":[0,0],"15":[0],"16":[0],"17":[0],"18":[13,6],"19":[13,8],"20":[6,7]}}
,"C:\\Users\\Mai\\Documents\\nttdata - clases\\proyecto\\my-market-MSD\\mi-market\\src\\components\\Footer.tsx": {"path":"C:\\Users\\Mai\\Documents\\nttdata - clases\\proyecto\\my-market-MSD\\mi-market\\src\\components\\Footer.tsx","statementMap":{"0":{"start":{"line":2,"column":0},"end":{"line":2,"column":24}},"1":{"start":{"line":1,"column":0},"end":{"line":1,"column":30}},"2":{"start":{"line":3,"column":2},"end":{"line":9,"column":4}}},"fnMap":{"0":{"name":"Footer","decl":{"start":{"line":2,"column":24},"end":{"line":2,"column":30}},"loc":{"start":{"line":2,"column":30},"end":{"line":10,"column":1}}}},"branchMap":{},"s":{"0":1,"1":1,"2":1},"f":{"0":1},"b":{}}
,"C:\\Users\\Mai\\Documents\\nttdata - clases\\proyecto\\my-market-MSD\\mi-market\\src\\components\\Header.tsx": {"path":"C:\\Users\\Mai\\Documents\\nttdata - clases\\proyecto\\my-market-MSD\\mi-market\\src\\components\\Header.tsx","statementMap":{"0":{"start":{"line":5,"column":0},"end":{"line":5,"column":24}},"1":{"start":{"line":1,"column":0},"end":{"line":1,"column":49}},"2":{"start":{"line":2,"column":0},"end":{"line":2,"column":30}},"3":{"start":{"line":3,"column":0},"end":{"line":3,"column":34}},"4":{"start":{"line":6,"column":2},"end":{"line":28,"column":4}},"5":{"start":{"line":14,"column":58},"end":{"line":14,"column":88}},"6":{"start":{"line":15,"column":56},"end":{"line":15,"column":86}}},"fnMap":{"0":{"name":"Header","decl":{"start":{"line":5,"column":24},"end":{"line":5,"column":30}},"loc":{"start":{"line":5,"column":134},"end":{"line":29,"column":1}}},"1":{"name":"(anonymous_2)","decl":{"start":{"line":14,"column":43},"end":{"line":14,"column":44}},"loc":{"start":{"line":14,"column":58},"end":{"line":14,"column":88}}},"2":{"name":"(anonymous_3)","decl":{"start":{"line":15,"column":41},"end":{"line":15,"column":42}},"loc":{"start":{"line":15,"column":56},"end":{"line":15,"column":86}}}},"branchMap":{"0":{"loc":{"start":{"line":9,"column":18},"end":{"line":9,"column":41}},"type":"cond-expr","locations":[{"start":{"line":9,"column":28},"end":{"line":9,"column":37}},{"start":{"line":9,"column":38},"end":{"line":9,"column":41}}]},"1":{"loc":{"start":{"line":14,"column":58},"end":{"line":14,"column":88}},"type":"cond-expr","locations":[{"start":{"line":14,"column":68},"end":{"line":14,"column":81}},{"start":{"line":14,"column":82},"end":{"line":14,"column":88}}]},"2":{"loc":{"start":{"line":15,"column":56},"end":{"line":15,"column":86}},"type":"cond-expr","locations":[{"start":{"line":15,"column":66},"end":{"line":15,"column":79}},{"start":{"line":15,"column":80},"end":{"line":15,"column":86}}]},"3":{"loc":{"start":{"line":18,"column":11},"end":{"line":18,"column":67}},"type":"binary-expr","locations":[{"start":{"line":18,"column":11},"end":{"line":18,"column":19}},{"start":{"line":18,"column":23},"end":{"line":18,"column":67}}]},"4":{"loc":{"start":{"line":19,"column":11},"end":{"line":19,"column":88}},"type":"binary-expr","locations":[{"start":{"line":19,"column":11},"end":{"line":19,"column":19}},{"start":{"line":19,"column":23},"end":{"line":19,"column":88}}]}},"s":{"0":2,"1":2,"2":2,"3":2,"4":2,"5":2,"6":2},"f":{"0":2,"1":2,"2":2},"b":{"0":[2,0],"1":[0,2],"2":[0,2],"3":[2,2],"4":[2,2]}}
,"C:\\Users\\Mai\\Documents\\nttdata - clases\\proyecto\\my-market-MSD\\mi-market\\src\\components\\ProductCard.tsx": {"path":"C:\\Users\\Mai\\Documents\\nttdata - clases\\proyecto\\my-market-MSD\\mi-market\\src\\components\\ProductCard.tsx","statementMap":{"0":{"start":{"line":1,"column":0},"end":{"line":1,"column":39}},"1":{"start":{"line":2,"column":0},"end":{"line":2,"column":36}},"2":{"start":{"line":3,"column":0},"end":{"line":3,"column":34}},"3":{"start":{"line":9,"column":24},"end":{"line":9,"column":43}},"4":{"start":{"line":10,"column":16},"end":{"line":10,"column":47}},"5":{"start":{"line":11,"column":18},"end":{"line":11,"column":28}},"6":{"start":{"line":13,"column":19},"end":{"line":18,"column":3}},"7":{"start":{"line":14,"column":16},"end":{"line":14,"column":49}},"8":{"start":{"line":15,"column":16},"end":{"line":15,"column":44}},"9":{"start":{"line":16,"column":20},"end":{"line":16,"column":58}},"10":{"start":{"line":17,"column":4},"end":{"line":17,"column":20}},"11":{"start":{"line":19,"column":14},"end":{"line":19,"column":60}},"12":{"start":{"line":19,"column":20},"end":{"line":19,"column":60}},"13":{"start":{"line":19,"column":32},"end":{"line":19,"column":59}},"14":{"start":{"line":20,"column":14},"end":{"line":20,"column":51}},"15":{"start":{"line":20,"column":20},"end":{"line":20,"column":51}},"16":{"start":{"line":20,"column":32},"end":{"line":20,"column":50}},"17":{"start":{"line":22,"column":2},"end":{"line":54,"column":4}},"18":{"start":{"line":45,"column":27},"end":{"line":45,"column":76}},"19":{"start":{"line":45,"column":39},"end":{"line":45,"column":75}},"20":{"start":{"line":50,"column":66},"end":{"line":50,"column":87}},"21":{"start":{"line":57,"column":0},"end":{"line":57,"column":33}}},"fnMap":{"0":{"name":"ProductCard","decl":{"start":{"line":8,"column":9},"end":{"line":8,"column":20}},"loc":{"start":{"line":8,"column":46},"end":{"line":55,"column":1}}},"1":{"name":"(anonymous_2)","decl":{"start":{"line":13,"column":19},"end":{"line":13,"column":20}},"loc":{"start":{"line":13,"column":62},"end":{"line":18,"column":3}}},"2":{"name":"(anonymous_3)","decl":{"start":{"line":19,"column":14},"end":{"line":19,"column":17}},"loc":{"start":{"line":19,"column":20},"end":{"line":19,"column":60}}},"3":{"name":"(anonymous_4)","decl":{"start":{"line":19,"column":27},"end":{"line":19,"column":28}},"loc":{"start":{"line":19,"column":32},"end":{"line":19,"column":59}}},"4":{"name":"(anonymous_5)","decl":{"start":{"line":20,"column":14},"end":{"line":20,"column":17}},"loc":{"start":{"line":20,"column":20},"end":{"line":20,"column":51}}},"5":{"name":"(anonymous_6)","decl":{"start":{"line":20,"column":27},"end":{"line":20,"column":28}},"loc":{"start":{"line":20,"column":32},"end":{"line":20,"column":50}}},"6":{"name":"(anonymous_7)","decl":{"start":{"line":45,"column":22},"end":{"line":45,"column":24}},"loc":{"start":{"line":45,"column":27},"end":{"line":45,"column":76}}},"7":{"name":"(anonymous_8)","decl":{"start":{"line":45,"column":34},"end":{"line":45,"column":35}},"loc":{"start":{"line":45,"column":39},"end":{"line":45,"column":75}}},"8":{"name":"(anonymous_9)","decl":{"start":{"line":50,"column":61},"end":{"line":50,"column":63}},"loc":{"start":{"line":50,"column":66},"end":{"line":50,"column":87}}}},"branchMap":{"0":{"loc":{"start":{"line":10,"column":28},"end":{"line":10,"column":46}},"type":"binary-expr","locations":[{"start":{"line":10,"column":28},"end":{"line":10,"column":41}},{"start":{"line":10,"column":45},"end":{"line":10,"column":46}}]},"1":{"loc":{"start":{"line":15,"column":16},"end":{"line":15,"column":44}},"type":"cond-expr","locations":[{"start":{"line":15,"column":29},"end":{"line":15,"column":30}},{"start":{"line":15,"column":33},"end":{"line":15,"column":44}}]},"2":{"loc":{"start":{"line":16,"column":46},"end":{"line":16,"column":56}},"type":"binary-expr","locations":[{"start":{"line":16,"column":46},"end":{"line":16,"column":51}},{"start":{"line":16,"column":55},"end":{"line":16,"column":56}}]},"3":{"loc":{"start":{"line":19,"column":41},"end":{"line":19,"column":51}},"type":"binary-expr","locations":[{"start":{"line":19,"column":41},"end":{"line":19,"column":46}},{"start":{"line":19,"column":50},"end":{"line":19,"column":51}}]},"4":{"loc":{"start":{"line":32,"column":9},"end":{"line":32,"column":60}},"type":"binary-expr","locations":[{"start":{"line":32,"column":9},"end":{"line":32,"column":16}},{"start":{"line":32,"column":20},"end":{"line":32,"column":60}}]},"5":{"loc":{"start":{"line":42,"column":19},"end":{"line":42,"column":29}},"type":"binary-expr","locations":[{"start":{"line":42,"column":19},"end":{"line":42,"column":24}},{"start":{"line":42,"column":28},"end":{"line":42,"column":29}}]},"6":{"loc":{"start":{"line":45,"column":63},"end":{"line":45,"column":73}},"type":"binary-expr","locations":[{"start":{"line":45,"column":63},"end":{"line":45,"column":68}},{"start":{"line":45,"column":72},"end":{"line":45,"column":73}}]}},"s":{"0":3,"1":3,"2":3,"3":14,"4":14,"5":14,"6":14,"7":2,"8":2,"9":2,"10":2,"11":14,"12":3,"13":3,"14":14,"15":3,"16":3,"17":14,"18":0,"19":0,"20":1,"21":3},"f":{"0":14,"1":2,"2":3,"3":3,"4":3,"5":3,"6":0,"7":0,"8":1},"b":{"0":[14,0],"1":[1,1],"2":[2,0],"3":[3,0],"4":[14,1],"5":[14,1],"6":[0,0]}}
,"C:\\Users\\Mai\\Documents\\nttdata - clases\\proyecto\\my-market-MSD\\mi-market\\src\\hooks\\usePagination.ts": {"path":"C:\\Users\\Mai\\Documents\\nttdata - clases\\proyecto\\my-market-MSD\\mi-market\\src\\hooks\\usePagination.ts","statementMap":{"0":{"start":{"line":3,"column":0},"end":{"line":3,"column":16}},"1":{"start":{"line":1,"column":0},"end":{"line":1,"column":42}},"2":{"start":{"line":4,"column":26},"end":{"line":4,"column":37}},"3":{"start":{"line":5,"column":21},"end":{"line":5,"column":68}},"4":{"start":{"line":6,"column":23},"end":{"line":9,"column":29}},"5":{"start":{"line":7,"column":18},"end":{"line":7,"column":39}},"6":{"start":{"line":8,"column":4},"end":{"line":8,"column":48}},"7":{"start":{"line":10,"column":28},"end":{"line":10,"column":83}},"8":{"start":{"line":11,"column":2},"end":{"line":11,"column":59}}},"fnMap":{"0":{"name":"usePagination","decl":{"start":{"line":3,"column":16},"end":{"line":3,"column":29}},"loc":{"start":{"line":3,"column":61},"end":{"line":12,"column":1}}},"1":{"name":"(anonymous_1)","decl":{"start":{"line":6,"column":31},"end":{"line":6,"column":33}},"loc":{"start":{"line":6,"column":35},"end":{"line":9,"column":3}}},"2":{"name":"goTo","decl":{"start":{"line":10,"column":11},"end":{"line":10,"column":15}},"loc":{"start":{"line":10,"column":25},"end":{"line":10,"column":85}}}},"branchMap":{"0":{"loc":{"start":{"line":10,"column":36},"end":{"line":10,"column":81}},"type":"cond-expr","locations":[{"start":{"line":10,"column":44},"end":{"line":10,"column":45}},{"start":{"line":10,"column":49},"end":{"line":10,"column":80}}]},"1":{"loc":{"start":{"line":10,"column":49},"end":{"line":10,"column":80}},"type":"cond-expr","locations":[{"start":{"line":10,"column":66},"end":{"line":10,"column":76}},{"start":{"line":10,"column":79},"end":{"line":10,"column":80}}]}},"s":{"0":3,"1":3,"2":16,"3":16,"4":16,"5":13,"6":13,"7":4,"8":16},"f":{"0":16,"1":13,"2":4},"b":{"0":[1,3],"1":[1,2]}}
,"C:\\Users\\Mai\\Documents\\nttdata - clases\\proyecto\\my-market-MSD\\mi-market\\src\\pages\\Cart.tsx": {"path":"C:\\Users\\Mai\\Documents\\nttdata - clases\\proyecto\\my-market-MSD\\mi-market\\src\\pages\\Cart.tsx","statementMap":{"0":{"start":{"line":19,"column":0},"end":{"line":19,"column":24}},"1":{"start":{"line":1,"column":0},"end":{"line":1,"column":33}},"2":{"start":{"line":2,"column":0},"end":{"line":2,"column":34}},"3":{"start":{"line":3,"column":0},"end":{"line":3,"column":28}},"4":{"start":{"line":6,"column":16},"end":{"line":6,"column":78}},"5":{"start":{"line":7,"column":17},"end":{"line":7,"column":32}},"6":{"start":{"line":9,"column":28},"end":{"line":17,"column":2}},"7":{"start":{"line":20,"column":16},"end":{"line":20,"column":81}},"8":{"start":{"line":20,"column":41},"end":{"line":20,"column":77}},"9":{"start":{"line":21,"column":22},"end":{"line":21,"column":40}},"10":{"start":{"line":23,"column":32},"end":{"line":23,"column":44}},"11":{"start":{"line":24,"column":36},"end":{"line":24,"column":48}},"12":{"start":{"line":25,"column":34},"end":{"line":25,"column":46}},"13":{"start":{"line":26,"column":36},"end":{"line":26,"column":48}},"14":{"start":{"line":27,"column":38},"end":{"line":27,"column":50}},"15":{"start":{"line":28,"column":32},"end":{"line":28,"column":44}},"16":{"start":{"line":30,"column":30},"end":{"line":30,"column":134}},"17":{"start":{"line":33,"column":32},"end":{"line":33,"column":34}},"18":{"start":{"line":34,"column":4},"end":{"line":34,"column":100}},"19":{"start":{"line":34,"column":38},"end":{"line":34,"column":100}},"20":{"start":{"line":35,"column":4},"end":{"line":35,"column":104}},"21":{"start":{"line":35,"column":40},"end":{"line":35,"column":104}},"22":{"start":{"line":36,"column":4},"end":{"line":36,"column":60}},"23":{"start":{"line":36,"column":18},"end":{"line":36,"column":60}},"24":{"start":{"line":37,"column":4},"end":{"line":37,"column":66}},"25":{"start":{"line":37,"column":26},"end":{"line":37,"column":66}},"26":{"start":{"line":38,"column":4},"end":{"line":38,"column":98}},"27":{"start":{"line":38,"column":39},"end":{"line":38,"column":98}},"28":{"start":{"line":39,"column":4},"end":{"line":39,"column":20}},"29":{"start":{"line":40,"column":4},"end":{"line":40,"column":42}},"30":{"start":{"line":44,"column":4},"end":{"line":44,"column":23}},"31":{"start":{"line":45,"column":4},"end":{"line":45,"column":62}},"32":{"start":{"line":45,"column":21},"end":{"line":45,"column":52}},"33":{"start":{"line":45,"column":53},"end":{"line":45,"column":60}},"34":{"start":{"line":46,"column":4},"end":{"line":46,"column":30}},"35":{"start":{"line":46,"column":23},"end":{"line":46,"column":30}},"36":{"start":{"line":47,"column":4},"end":{"line":47,"column":30}},"37":{"start":{"line":48,"column":4},"end":{"line":48,"column":17}},"38":{"start":{"line":51,"column":2},"end":{"line":202,"column":4}},"39":{"start":{"line":72,"column":26},"end":{"line":72,"column":57}},"40":{"start":{"line":73,"column":31},"end":{"line":73,"column":55}},"41":{"start":{"line":74,"column":14},"end":{"line":103,"column":14}},"42":{"start":{"line":81,"column":81},"end":{"line":81,"column":129}},"43":{"start":{"line":89,"column":36},"end":{"line":89,"column":73}},"44":{"start":{"line":90,"column":36},"end":{"line":90,"column":64}},"45":{"start":{"line":91,"column":40},"end":{"line":91,"column":71}},"46":{"start":{"line":92,"column":24},"end":{"line":92,"column":57}},"47":{"start":{"line":94,"column":35},"end":{"line":94,"column":96}},"48":{"start":{"line":97,"column":80},"end":{"line":97,"column":130}},"49":{"start":{"line":101,"column":59},"end":{"line":101,"column":79}},"50":{"start":{"line":123,"column":26},"end":{"line":123,"column":107}},"51":{"start":{"line":124,"column":16},"end":{"line":124,"column":30}},"52":{"start":{"line":126,"column":27},"end":{"line":126,"column":149}},"53":{"start":{"line":126,"column":42},"end":{"line":126,"column":147}},"54":{"start":{"line":137,"column":26},"end":{"line":137,"column":107}},"55":{"start":{"line":138,"column":16},"end":{"line":138,"column":32}},"56":{"start":{"line":140,"column":27},"end":{"line":140,"column":153}},"57":{"start":{"line":140,"column":42},"end":{"line":140,"column":151}},"58":{"start":{"line":151,"column":30},"end":{"line":151,"column":57}},"59":{"start":{"line":152,"column":27},"end":{"line":152,"column":109}},"60":{"start":{"line":152,"column":42},"end":{"line":152,"column":107}},"61":{"start":{"line":157,"column":34},"end":{"line":157,"column":50}},"62":{"start":{"line":166,"column":24},"end":{"line":166,"column":62}},"63":{"start":{"line":167,"column":16},"end":{"line":169,"column":17}},"64":{"start":{"line":168,"column":18},"end":{"line":168,"column":70}},"65":{"start":{"line":170,"column":16},"end":{"line":170,"column":30}},"66":{"start":{"line":172,"column":27},"end":{"line":172,"column":147}},"67":{"start":{"line":172,"column":42},"end":{"line":172,"column":145}},"68":{"start":{"line":183,"column":28},"end":{"line":183,"column":56}},"69":{"start":{"line":184,"column":25},"end":{"line":184,"column":113}},"70":{"start":{"line":184,"column":40},"end":{"line":184,"column":111}},"71":{"start":{"line":194,"column":28},"end":{"line":194,"column":57}}},"fnMap":{"0":{"name":"Cart","decl":{"start":{"line":19,"column":24},"end":{"line":19,"column":28}},"loc":{"start":{"line":19,"column":210},"end":{"line":203,"column":1}}},"1":{"name":"(anonymous_2)","decl":{"start":{"line":20,"column":29},"end":{"line":20,"column":30}},"loc":{"start":{"line":20,"column":41},"end":{"line":20,"column":77}}},"2":{"name":"validateAll","decl":{"start":{"line":32,"column":11},"end":{"line":32,"column":22}},"loc":{"start":{"line":32,"column":22},"end":{"line":41,"column":3}}},"3":{"name":"onSubmit","decl":{"start":{"line":43,"column":11},"end":{"line":43,"column":19}},"loc":{"start":{"line":43,"column":38},"end":{"line":49,"column":3}}},"4":{"name":"(anonymous_5)","decl":{"start":{"line":71,"column":23},"end":{"line":71,"column":24}},"loc":{"start":{"line":71,"column":46},"end":{"line":103,"column":14}}},"5":{"name":"(anonymous_6)","decl":{"start":{"line":81,"column":76},"end":{"line":81,"column":78}},"loc":{"start":{"line":81,"column":81},"end":{"line":81,"column":129}}},"6":{"name":"(anonymous_7)","decl":{"start":{"line":88,"column":32},"end":{"line":88,"column":33}},"loc":{"start":{"line":88,"column":37},"end":{"line":93,"column":23}}},"7":{"name":"(anonymous_8)","decl":{"start":{"line":94,"column":30},"end":{"line":94,"column":32}},"loc":{"start":{"line":94,"column":35},"end":{"line":94,"column":96}}},"8":{"name":"(anonymous_9)","decl":{"start":{"line":97,"column":75},"end":{"line":97,"column":77}},"loc":{"start":{"line":97,"column":80},"end":{"line":97,"column":130}}},"9":{"name":"(anonymous_10)","decl":{"start":{"line":101,"column":54},"end":{"line":101,"column":56}},"loc":{"start":{"line":101,"column":59},"end":{"line":101,"column":79}}},"10":{"name":"(anonymous_11)","decl":{"start":{"line":122,"column":24},"end":{"line":122,"column":25}},"loc":{"start":{"line":122,"column":29},"end":{"line":125,"column":15}}},"11":{"name":"(anonymous_12)","decl":{"start":{"line":126,"column":22},"end":{"line":126,"column":24}},"loc":{"start":{"line":126,"column":27},"end":{"line":126,"column":149}}},"12":{"name":"(anonymous_13)","decl":{"start":{"line":126,"column":37},"end":{"line":126,"column":38}},"loc":{"start":{"line":126,"column":42},"end":{"line":126,"column":147}}},"13":{"name":"(anonymous_14)","decl":{"start":{"line":136,"column":24},"end":{"line":136,"column":25}},"loc":{"start":{"line":136,"column":29},"end":{"line":139,"column":15}}},"14":{"name":"(anonymous_15)","decl":{"start":{"line":140,"column":22},"end":{"line":140,"column":24}},"loc":{"start":{"line":140,"column":27},"end":{"line":140,"column":153}}},"15":{"name":"(anonymous_16)","decl":{"start":{"line":140,"column":37},"end":{"line":140,"column":38}},"loc":{"start":{"line":140,"column":42},"end":{"line":140,"column":151}}},"16":{"name":"(anonymous_17)","decl":{"start":{"line":151,"column":24},"end":{"line":151,"column":25}},"loc":{"start":{"line":151,"column":30},"end":{"line":151,"column":57}}},"17":{"name":"(anonymous_18)","decl":{"start":{"line":152,"column":22},"end":{"line":152,"column":24}},"loc":{"start":{"line":152,"column":27},"end":{"line":152,"column":109}}},"18":{"name":"(anonymous_19)","decl":{"start":{"line":152,"column":37},"end":{"line":152,"column":38}},"loc":{"start":{"line":152,"column":42},"end":{"line":152,"column":107}}},"19":{"name":"(anonymous_20)","decl":{"start":{"line":157,"column":29},"end":{"line":157,"column":30}},"loc":{"start":{"line":157,"column":34},"end":{"line":157,"column":50}}},"20":{"name":"(anonymous_21)","decl":{"start":{"line":165,"column":24},"end":{"line":165,"column":25}},"loc":{"start":{"line":165,"column":29},"end":{"line":171,"column":15}}},"21":{"name":"(anonymous_22)","decl":{"start":{"line":172,"column":22},"end":{"line":172,"column":24}},"loc":{"start":{"line":172,"column":27},"end":{"line":172,"column":147}}},"22":{"name":"(anonymous_23)","decl":{"start":{"line":172,"column":37},"end":{"line":172,"column":38}},"loc":{"start":{"line":172,"column":42},"end":{"line":172,"column":145}}},"23":{"name":"(anonymous_24)","decl":{"start":{"line":183,"column":22},"end":{"line":183,"column":23}},"loc":{"start":{"line":183,"column":28},"end":{"line":183,"column":56}}},"24":{"name":"(anonymous_25)","decl":{"start":{"line":184,"column":20},"end":{"line":184,"column":22}},"loc":{"start":{"line":184,"column":25},"end":{"line":184,"column":113}}},"25":{"name":"(anonymous_26)","decl":{"start":{"line":184,"column":35},"end":{"line":184,"column":36}},"loc":{"start":{"line":184,"column":40},"end":{"line":184,"column":111}}},"26":{"name":"(anonymous_27)","decl":{"start":{"line":194,"column":22},"end":{"line":194,"column":23}},"loc":{"start":{"line":194,"column":28},"end":{"line":194,"column":57}}}},"branchMap":{"0":{"loc":{"start":{"line":34,"column":4},"end":{"line":34,"column":100}},"type":"if","locations":[{"start":{"line":34,"column":4},"end":{"line":34,"column":100}}]},"1":{"loc":{"start":{"line":35,"column":4},"end":{"line":35,"column":104}},"type":"if","locations":[{"start":{"line":35,"column":4},"end":{"line":35,"column":104}}]},"2":{"loc":{"start":{"line":36,"column":4},"end":{"line":36,"column":60}},"type":"if","locations":[{"start":{"line":36,"column":4},"end":{"line":36,"column":60}}]},"3":{"loc":{"start":{"line":37,"column":4},"end":{"line":37,"column":66}},"type":"if","locations":[{"start":{"line":37,"column":4},"end":{"line":37,"column":66}}]},"4":{"loc":{"start":{"line":38,"column":4},"end":{"line":38,"column":98}},"type":"if","locations":[{"start":{"line":38,"column":4},"end":{"line":38,"column":98}}]},"5":{"loc":{"start":{"line":45,"column":4},"end":{"line":45,"column":62}},"type":"if","locations":[{"start":{"line":45,"column":4},"end":{"line":45,"column":62}}]},"6":{"loc":{"start":{"line":46,"column":4},"end":{"line":46,"column":30}},"type":"if","locations":[{"start":{"line":46,"column":4},"end":{"line":46,"column":30}}]},"7":{"loc":{"start":{"line":68,"column":13},"end":{"line":69,"column":null}},"type":"binary-expr","locations":[{"start":{"line":68,"column":13},"end":{"line":68,"column":31}},{"start":{"line":69,"column":14},"end":{"line":69,"column":125}}]},"8":{"loc":{"start":{"line":72,"column":38},"end":{"line":72,"column":56}},"type":"binary-expr","locations":[{"start":{"line":72,"column":38},"end":{"line":72,"column":51}},{"start":{"line":72,"column":55},"end":{"line":72,"column":56}}]},"9":{"loc":{"start":{"line":90,"column":36},"end":{"line":90,"column":64}},"type":"cond-expr","locations":[{"start":{"line":90,"column":49},"end":{"line":90,"column":50}},{"start":{"line":90,"column":53},"end":{"line":90,"column":64}}]},"10":{"loc":{"start":{"line":126,"column":58},"end":{"line":126,"column":146}},"type":"cond-expr","locations":[{"start":{"line":126,"column":88},"end":{"line":126,"column":97}},{"start":{"line":126,"column":100},"end":{"line":126,"column":146}}]},"11":{"loc":{"start":{"line":130,"column":37},"end":{"line":130,"column":57}},"type":"binary-expr","locations":[{"start":{"line":130,"column":37},"end":{"line":130,"column":51}},{"start":{"line":130,"column":55},"end":{"line":130,"column":57}}]},"12":{"loc":{"start":{"line":140,"column":60},"end":{"line":140,"column":150}},"type":"cond-expr","locations":[{"start":{"line":140,"column":92},"end":{"line":140,"column":101}},{"start":{"line":140,"column":104},"end":{"line":140,"column":150}}]},"13":{"loc":{"start":{"line":144,"column":37},"end":{"line":144,"column":59}},"type":"binary-expr","locations":[{"start":{"line":144,"column":37},"end":{"line":144,"column":53}},{"start":{"line":144,"column":57},"end":{"line":144,"column":59}}]},"14":{"loc":{"start":{"line":152,"column":59},"end":{"line":152,"column":106}},"type":"cond-expr","locations":[{"start":{"line":152,"column":69},"end":{"line":152,"column":78}},{"start":{"line":152,"column":81},"end":{"line":152,"column":106}}]},"15":{"loc":{"start":{"line":159,"column":37},"end":{"line":159,"column":58}},"type":"binary-expr","locations":[{"start":{"line":159,"column":37},"end":{"line":159,"column":52}},{"start":{"line":159,"column":56},"end":{"line":159,"column":58}}]},"16":{"loc":{"start":{"line":167,"column":16},"end":{"line":169,"column":17}},"type":"if","locations":[{"start":{"line":167,"column":16},"end":{"line":169,"column":17}}]},"17":{"loc":{"start":{"line":172,"column":58},"end":{"line":172,"column":144}},"type":"cond-expr","locations":[{"start":{"line":172,"column":89},"end":{"line":172,"column":98}},{"start":{"line":172,"column":101},"end":{"line":172,"column":144}}]},"18":{"loc":{"start":{"line":176,"column":37},"end":{"line":176,"column":57}},"type":"binary-expr","locations":[{"start":{"line":176,"column":37},"end":{"line":176,"column":51}},{"start":{"line":176,"column":55},"end":{"line":176,"column":57}}]},"19":{"loc":{"start":{"line":184,"column":58},"end":{"line":184,"column":110}},"type":"cond-expr","locations":[{"start":{"line":184,"column":76},"end":{"line":184,"column":85}},{"start":{"line":184,"column":88},"end":{"line":184,"column":110}}]},"20":{"loc":{"start":{"line":188,"column":35},"end":{"line":188,"column":57}},"type":"binary-expr","locations":[{"start":{"line":188,"column":35},"end":{"line":188,"column":51}},{"start":{"line":188,"column":55},"end":{"line":188,"column":57}}]}},"s":{"0":3,"1":3,"2":3,"3":3,"4":3,"5":3,"6":3,"7":12,"8":11,"9":12,"10":12,"11":12,"12":12,"13":12,"14":12,"15":12,"16":12,"17":2,"18":2,"19":1,"20":2,"21":1,"22":2,"23":1,"24":2,"25":1,"26":2,"27":1,"28":2,"29":2,"30":2,"31":2,"32":0,"33":0,"34":2,"35":1,"36":1,"37":1,"38":12,"39":11,"40":11,"41":11,"42":0,"43":0,"44":0,"45":0,"46":0,"47":0,"48":0,"49":0,"50":1,"51":1,"52":0,"53":0,"54":1,"55":1,"56":0,"57":0,"58":1,"59":0,"60":0,"61":600,"62":1,"63":1,"64":1,"65":1,"66":0,"67":0,"68":1,"69":0,"70":0,"71":1},"f":{"0":12,"1":11,"2":2,"3":2,"4":11,"5":0,"6":0,"7":0,"8":0,"9":0,"10":1,"11":0,"12":0,"13":1,"14":0,"15":0,"16":1,"17":0,"18":0,"19":600,"20":1,"21":0,"22":0,"23":1,"24":0,"25":0,"26":1},"b":{"0":[1],"1":[1],"2":[1],"3":[1],"4":[1],"5":[0],"6":[1],"7":[12,1],"8":[11,0],"9":[0,0],"10":[0,0],"11":[12,11],"12":[0,0],"13":[12,11],"14":[0,0],"15":[12,11],"16":[1],"17":[0,0],"18":[12,11],"19":[0,0],"20":[12,11]}}
,"C:\\Users\\Mai\\Documents\\nttdata - clases\\proyecto\\my-market-MSD\\mi-market\\src\\pages\\Login.tsx": {"path":"C:\\Users\\Mai\\Documents\\nttdata - clases\\proyecto\\my-market-MSD\\mi-market\\src\\pages\\Login.tsx","statementMap":{"0":{"start":{"line":6,"column":0},"end":{"line":6,"column":24}},"1":{"start":{"line":1,"column":0},"end":{"line":1,"column":33}},"2":{"start":{"line":2,"column":0},"end":{"line":2,"column":32}},"3":{"start":{"line":3,"column":0},"end":{"line":3,"column":34}},"4":{"start":{"line":4,"column":0},"end":{"line":4,"column":29}},"5":{"start":{"line":7,"column":34},"end":{"line":7,"column":46}},"6":{"start":{"line":8,"column":34},"end":{"line":8,"column":46}},"7":{"start":{"line":9,"column":32},"end":{"line":9,"column":47}},"8":{"start":{"line":10,"column":28},"end":{"line":10,"column":57}},"9":{"start":{"line":11,"column":38},"end":{"line":11,"column":53}},"10":{"start":{"line":12,"column":40},"end":{"line":12,"column":52}},"11":{"start":{"line":13,"column":40},"end":{"line":13,"column":69}},"12":{"start":{"line":16,"column":4},"end":{"line":16,"column":23}},"13":{"start":{"line":17,"column":4},"end":{"line":32,"column":5}},"14":{"start":{"line":18,"column":6},"end":{"line":18,"column":23}},"15":{"start":{"line":19,"column":6},"end":{"line":19,"column":21}},"16":{"start":{"line":20,"column":18},"end":{"line":24,"column":8}},"17":{"start":{"line":25,"column":6},"end":{"line":25,"column":60}},"18":{"start":{"line":25,"column":18},"end":{"line":25,"column":60}},"19":{"start":{"line":26,"column":19},"end":{"line":26,"column":35}},"20":{"start":{"line":27,"column":6},"end":{"line":27,"column":89}},"21":{"start":{"line":29,"column":6},"end":{"line":29,"column":56}},"22":{"start":{"line":31,"column":6},"end":{"line":31,"column":24}},"23":{"start":{"line":35,"column":44},"end":{"line":35,"column":63}},"24":{"start":{"line":35,"column":64},"end":{"line":35,"column":83}},"25":{"start":{"line":35,"column":84},"end":{"line":35,"column":105}},"26":{"start":{"line":35,"column":106},"end":{"line":35,"column":126}},"27":{"start":{"line":36,"column":26},"end":{"line":36,"column":47}},"28":{"start":{"line":36,"column":48},"end":{"line":36,"column":67}},"29":{"start":{"line":36,"column":68},"end":{"line":36,"column":89}},"30":{"start":{"line":38,"column":4},"end":{"line":38,"column":23}},"31":{"start":{"line":39,"column":15},"end":{"line":39,"column":61}},"32":{"start":{"line":40,"column":4},"end":{"line":40,"column":57}},"33":{"start":{"line":40,"column":13},"end":{"line":40,"column":47}},"34":{"start":{"line":40,"column":48},"end":{"line":40,"column":55}},"35":{"start":{"line":41,"column":4},"end":{"line":41,"column":44}},"36":{"start":{"line":42,"column":4},"end":{"line":42,"column":18}},"37":{"start":{"line":45,"column":2},"end":{"line":77,"column":4}},"38":{"start":{"line":49,"column":68},"end":{"line":49,"column":95}},"39":{"start":{"line":50,"column":87},"end":{"line":50,"column":114}},"40":{"start":{"line":66,"column":90},"end":{"line":66,"column":120}}},"fnMap":{"0":{"name":"Login","decl":{"start":{"line":6,"column":24},"end":{"line":6,"column":29}},"loc":{"start":{"line":6,"column":122},"end":{"line":78,"column":1}}},"1":{"name":"submit","decl":{"start":{"line":15,"column":17},"end":{"line":15,"column":23}},"loc":{"start":{"line":15,"column":42},"end":{"line":33,"column":3}}},"2":{"name":"openForgot","decl":{"start":{"line":35,"column":11},"end":{"line":35,"column":21}},"loc":{"start":{"line":35,"column":41},"end":{"line":35,"column":128}}},"3":{"name":"closeForgot","decl":{"start":{"line":36,"column":11},"end":{"line":36,"column":22}},"loc":{"start":{"line":36,"column":22},"end":{"line":36,"column":91}}},"4":{"name":"sendForgot","decl":{"start":{"line":37,"column":11},"end":{"line":37,"column":21}},"loc":{"start":{"line":37,"column":40},"end":{"line":43,"column":3}}},"5":{"name":"(anonymous_6)","decl":{"start":{"line":49,"column":64},"end":{"line":49,"column":65}},"loc":{"start":{"line":49,"column":68},"end":{"line":49,"column":95}}},"6":{"name":"(anonymous_7)","decl":{"start":{"line":50,"column":83},"end":{"line":50,"column":84}},"loc":{"start":{"line":50,"column":87},"end":{"line":50,"column":114}}},"7":{"name":"(anonymous_8)","decl":{"start":{"line":66,"column":86},"end":{"line":66,"column":87}},"loc":{"start":{"line":66,"column":90},"end":{"line":66,"column":120}}}},"branchMap":{"0":{"loc":{"start":{"line":25,"column":6},"end":{"line":25,"column":60}},"type":"if","locations":[{"start":{"line":25,"column":6},"end":{"line":25,"column":60}}]},"1":{"loc":{"start":{"line":29,"column":15},"end":{"line":29,"column":54}},"type":"binary-expr","locations":[{"start":{"line":29,"column":15},"end":{"line":29,"column":26}},{"start":{"line":29,"column":30},"end":{"line":29,"column":54}}]},"2":{"loc":{"start":{"line":40,"column":4},"end":{"line":40,"column":57}},"type":"if","locations":[{"start":{"line":40,"column":4},"end":{"line":40,"column":57}}]},"3":{"loc":{"start":{"line":51,"column":9},"end":{"line":51,"column":68}},"type":"binary-expr","locations":[{"start":{"line":51,"column":9},"end":{"line":51,"column":14}},{"start":{"line":51,"column":18},"end":{"line":51,"column":68}}]},"4":{"loc":{"start":{"line":53,"column":52},"end":{"line":53,"column":89}},"type":"cond-expr","locations":[{"start":{"line":53,"column":61},"end":{"line":53,"column":76}},{"start":{"line":53,"column":79},"end":{"line":53,"column":89}}]},"5":{"loc":{"start":{"line":58,"column":7},"end":{"line":74,"column":null}},"type":"binary-expr","locations":[{"start":{"line":58,"column":7},"end":{"line":58,"column":17}},{"start":{"line":59,"column":2},"end":{"line":73,"column":null}}]},"6":{"loc":{"start":{"line":67,"column":9},"end":{"line":67,"column":72}},"type":"binary-expr","locations":[{"start":{"line":67,"column":9},"end":{"line":67,"column":20}},{"start":{"line":67,"column":24},"end":{"line":67,"column":72}}]}},"s":{"0":3,"1":3,"2":3,"3":3,"4":3,"5":8,"6":8,"7":8,"8":8,"9":8,"10":8,"11":8,"12":1,"13":1,"14":1,"15":1,"16":1,"17":1,"18":0,"19":1,"20":1,"21":0,"22":1,"23":1,"24":1,"25":1,"26":1,"27":0,"28":0,"29":0,"30":0,"31":0,"32":0,"33":0,"34":0,"35":0,"36":0,"37":8,"38":1,"39":1,"40":0},"f":{"0":8,"1":1,"2":1,"3":0,"4":0,"5":1,"6":1,"7":0},"b":{"0":[0],"1":[0,0],"2":[0],"3":[8,0],"4":[1,7],"5":[8,1],"6":[1,0]}}
,"C:\\Users\\Mai\\Documents\\nttdata - clases\\proyecto\\my-market-MSD\\mi-market\\src\\pages\\Market.tsx": {"path":"C:\\Users\\Mai\\Documents\\nttdata - clases\\proyecto\\my-market-MSD\\mi-market\\src\\pages\\Market.tsx","statementMap":{"0":{"start":{"line":15,"column":0},"end":{"line":15,"column":24}},"1":{"start":{"line":1,"column":0},"end":{"line":1,"column":61}},"2":{"start":{"line":2,"column":0},"end":{"line":2,"column":52}},"3":{"start":{"line":3,"column":0},"end":{"line":3,"column":30}},"4":{"start":{"line":5,"column":0},"end":{"line":5,"column":55}},"5":{"start":{"line":12,"column":12},"end":{"line":12,"column":34}},"6":{"start":{"line":13,"column":31},"end":{"line":13,"column":103}},"7":{"start":{"line":16,"column":34},"end":{"line":16,"column":55}},"8":{"start":{"line":17,"column":28},"end":{"line":17,"column":40}},"9":{"start":{"line":18,"column":48},"end":{"line":18,"column":63}},"10":{"start":{"line":19,"column":40},"end":{"line":19,"column":60}},"11":{"start":{"line":20,"column":19},"end":{"line":20,"column":56}},"12":{"start":{"line":21,"column":18},"end":{"line":21,"column":67}},"13":{"start":{"line":21,"column":32},"end":{"line":21,"column":52}},"14":{"start":{"line":23,"column":21},"end":{"line":23,"column":132}},"15":{"start":{"line":23,"column":34},"end":{"line":23,"column":109}},"16":{"start":{"line":23,"column":85},"end":{"line":23,"column":108}},"17":{"start":{"line":24,"column":12},"end":{"line":24,"column":28}},"18":{"start":{"line":26,"column":19},"end":{"line":26,"column":133}},"19":{"start":{"line":26,"column":32},"end":{"line":26,"column":115}},"20":{"start":{"line":26,"column":71},"end":{"line":26,"column":101}},"21":{"start":{"line":28,"column":22},"end":{"line":32,"column":21}},"22":{"start":{"line":29,"column":4},"end":{"line":29,"column":31}},"23":{"start":{"line":29,"column":21},"end":{"line":29,"column":31}},"24":{"start":{"line":30,"column":18},"end":{"line":30,"column":90}},"25":{"start":{"line":30,"column":41},"end":{"line":30,"column":71}},"26":{"start":{"line":30,"column":82},"end":{"line":30,"column":89}},"27":{"start":{"line":31,"column":4},"end":{"line":31,"column":50}},"28":{"start":{"line":34,"column":60},"end":{"line":34,"column":96}},"29":{"start":{"line":35,"column":46},"end":{"line":35,"column":57}},"30":{"start":{"line":36,"column":2},"end":{"line":45,"column":9}},"31":{"start":{"line":38,"column":16},"end":{"line":38,"column":33}},"32":{"start":{"line":39,"column":18},"end":{"line":39,"column":62}},"33":{"start":{"line":40,"column":6},"end":{"line":40,"column":29}},"34":{"start":{"line":42,"column":4},"end":{"line":42,"column":14}},"35":{"start":{"line":43,"column":4},"end":{"line":43,"column":47}},"36":{"start":{"line":44,"column":4},"end":{"line":44,"column":63}},"37":{"start":{"line":44,"column":17},"end":{"line":44,"column":62}},"38":{"start":{"line":46,"column":2},"end":{"line":46,"column":57}},"39":{"start":{"line":46,"column":18},"end":{"line":46,"column":29}},"40":{"start":{"line":48,"column":26},"end":{"line":48,"column":39}},"41":{"start":{"line":48,"column":40},"end":{"line":48,"column":59}},"42":{"start":{"line":48,"column":60},"end":{"line":48,"column":86}},"43":{"start":{"line":48,"column":87},"end":{"line":48,"column":113}},"44":{"start":{"line":50,"column":4},"end":{"line":50,"column":48}},"45":{"start":{"line":50,"column":41},"end":{"line":50,"column":48}},"46":{"start":{"line":51,"column":16},"end":{"line":51,"column":34}},"47":{"start":{"line":52,"column":4},"end":{"line":52,"column":25}},"48":{"start":{"line":52,"column":18},"end":{"line":52,"column":25}},"49":{"start":{"line":53,"column":4},"end":{"line":56,"column":81}},"50":{"start":{"line":53,"column":31},"end":{"line":53,"column":50}},"51":{"start":{"line":53,"column":51},"end":{"line":53,"column":86}},"52":{"start":{"line":53,"column":71},"end":{"line":53,"column":84}},"53":{"start":{"line":54,"column":9},"end":{"line":56,"column":81}},"54":{"start":{"line":54,"column":34},"end":{"line":54,"column":53}},"55":{"start":{"line":54,"column":54},"end":{"line":54,"column":102}},"56":{"start":{"line":54,"column":75},"end":{"line":54,"column":99}},"57":{"start":{"line":55,"column":9},"end":{"line":56,"column":81}},"58":{"start":{"line":55,"column":32},"end":{"line":55,"column":132}},"59":{"start":{"line":55,"column":75},"end":{"line":55,"column":94}},"60":{"start":{"line":55,"column":95},"end":{"line":55,"column":130}},"61":{"start":{"line":55,"column":133},"end":{"line":55,"column":159}},"62":{"start":{"line":55,"column":160},"end":{"line":55,"column":179}},"63":{"start":{"line":56,"column":9},"end":{"line":56,"column":81}},"64":{"start":{"line":56,"column":33},"end":{"line":56,"column":59}},"65":{"start":{"line":56,"column":60},"end":{"line":56,"column":79}},"66":{"start":{"line":59,"column":2},"end":{"line":178,"column":4}},"67":{"start":{"line":65,"column":75},"end":{"line":65,"column":103}},"68":{"start":{"line":65,"column":104},"end":{"line":65,"column":115}},"69":{"start":{"line":66,"column":32},"end":{"line":66,"column":50}},"70":{"start":{"line":75,"column":31},"end":{"line":75,"column":56}},"71":{"start":{"line":75,"column":57},"end":{"line":75,"column":82}},"72":{"start":{"line":75,"column":83},"end":{"line":75,"column":102}},"73":{"start":{"line":76,"column":28},"end":{"line":76,"column":52}},"74":{"start":{"line":77,"column":27},"end":{"line":77,"column":74}},"75":{"start":{"line":77,"column":43},"end":{"line":77,"column":68}},"76":{"start":{"line":96,"column":22},"end":{"line":96,"column":null}},"77":{"start":{"line":100,"column":45},"end":{"line":100,"column":62}},"78":{"start":{"line":101,"column":45},"end":{"line":101,"column":63}},"79":{"start":{"line":102,"column":42},"end":{"line":102,"column":57}},"80":{"start":{"line":102,"column":58},"end":{"line":102,"column":84}},"81":{"start":{"line":102,"column":85},"end":{"line":102,"column":104}},"82":{"start":{"line":123,"column":10},"end":{"line":123,"column":34}},"83":{"start":{"line":128,"column":48},"end":{"line":128,"column":60}},"84":{"start":{"line":130,"column":18},"end":{"line":130,"column":28}},"85":{"start":{"line":131,"column":20},"end":{"line":131,"column":24}},"86":{"start":{"line":132,"column":23},"end":{"line":132,"column":64}},"87":{"start":{"line":133,"column":4},"end":{"line":144,"column":5}},"88":{"start":{"line":134,"column":6},"end":{"line":143,"column":9}},"89":{"start":{"line":134,"column":53},"end":{"line":134,"column":58}},"90":{"start":{"line":135,"column":8},"end":{"line":136,"column":null}},"91":{"start":{"line":138,"column":25},"end":{"line":138,"column":32}},"92":{"start":{"line":145,"column":18},"end":{"line":145,"column":45}},"93":{"start":{"line":146,"column":16},"end":{"line":146,"column":47}},"94":{"start":{"line":147,"column":14},"end":{"line":147,"column":45}},"95":{"start":{"line":148,"column":4},"end":{"line":148,"column":58}},"96":{"start":{"line":148,"column":21},"end":{"line":148,"column":31}},"97":{"start":{"line":148,"column":32},"end":{"line":148,"column":56}},"98":{"start":{"line":149,"column":4},"end":{"line":149,"column":70}},"99":{"start":{"line":149,"column":27},"end":{"line":149,"column":43}},"100":{"start":{"line":149,"column":44},"end":{"line":149,"column":68}},"101":{"start":{"line":150,"column":30},"end":{"line":150,"column":32}},"102":{"start":{"line":151,"column":4},"end":{"line":151,"column":36}},"103":{"start":{"line":151,"column":19},"end":{"line":151,"column":36}},"104":{"start":{"line":152,"column":4},"end":{"line":152,"column":51}},"105":{"start":{"line":152,"column":17},"end":{"line":152,"column":22}},"106":{"start":{"line":152,"column":39},"end":{"line":152,"column":51}},"107":{"start":{"line":153,"column":4},"end":{"line":153,"column":43}},"108":{"start":{"line":153,"column":25},"end":{"line":153,"column":43}},"109":{"start":{"line":154,"column":4},"end":{"line":154,"column":20}},"110":{"start":{"line":155,"column":4},"end":{"line":173,"column":7}},"111":{"start":{"line":156,"column":6},"end":{"line":158,"column":7}},"112":{"start":{"line":157,"column":8},"end":{"line":157,"column":69}},"113":{"start":{"line":159,"column":6},"end":{"line":161,"column":7}},"114":{"start":{"line":160,"column":8},"end":{"line":160,"column":69}},"115":{"start":{"line":162,"column":16},"end":{"line":162,"column":28}},"116":{"start":{"line":163,"column":6},"end":{"line":172,"column":8}},"117":{"start":{"line":167,"column":25},"end":{"line":167,"column":32}},"118":{"start":{"line":175,"column":48},"end":{"line":175,"column":60}}},"fnMap":{"0":{"name":"normalize","decl":{"start":{"line":13,"column":9},"end":{"line":13,"column":18}},"loc":{"start":{"line":13,"column":28},"end":{"line":13,"column":105}}},"1":{"name":"Market","decl":{"start":{"line":15,"column":24},"end":{"line":15,"column":30}},"loc":{"start":{"line":15,"column":90},"end":{"line":179,"column":1}}},"2":{"name":"(anonymous_3)","decl":{"start":{"line":21,"column":26},"end":{"line":21,"column":29}},"loc":{"start":{"line":21,"column":32},"end":{"line":21,"column":52}}},"3":{"name":"(anonymous_4)","decl":{"start":{"line":23,"column":29},"end":{"line":23,"column":31}},"loc":{"start":{"line":23,"column":34},"end":{"line":23,"column":109}}},"4":{"name":"(anonymous_5)","decl":{"start":{"line":23,"column":80},"end":{"line":23,"column":81}},"loc":{"start":{"line":23,"column":85},"end":{"line":23,"column":108}}},"5":{"name":"(anonymous_6)","decl":{"start":{"line":26,"column":27},"end":{"line":26,"column":29}},"loc":{"start":{"line":26,"column":32},"end":{"line":26,"column":115}}},"6":{"name":"(anonymous_7)","decl":{"start":{"line":26,"column":66},"end":{"line":26,"column":67}},"loc":{"start":{"line":26,"column":71},"end":{"line":26,"column":101}}},"7":{"name":"(anonymous_8)","decl":{"start":{"line":28,"column":30},"end":{"line":28,"column":32}},"loc":{"start":{"line":28,"column":34},"end":{"line":32,"column":3}}},"8":{"name":"(anonymous_9)","decl":{"start":{"line":30,"column":36},"end":{"line":30,"column":37}},"loc":{"start":{"line":30,"column":41},"end":{"line":30,"column":71}}},"9":{"name":"(anonymous_10)","decl":{"start":{"line":30,"column":77},"end":{"line":30,"column":78}},"loc":{"start":{"line":30,"column":82},"end":{"line":30,"column":89}}},"10":{"name":"(anonymous_11)","decl":{"start":{"line":36,"column":12},"end":{"line":36,"column":15}},"loc":{"start":{"line":36,"column":17},"end":{"line":45,"column":3}}},"11":{"name":"compute","decl":{"start":{"line":37,"column":13},"end":{"line":37,"column":20}},"loc":{"start":{"line":37,"column":20},"end":{"line":41,"column":5}}},"12":{"name":"(anonymous_13)","decl":{"start":{"line":44,"column":11},"end":{"line":44,"column":14}},"loc":{"start":{"line":44,"column":17},"end":{"line":44,"column":62}}},"13":{"name":"(anonymous_14)","decl":{"start":{"line":46,"column":12},"end":{"line":46,"column":14}},"loc":{"start":{"line":46,"column":16},"end":{"line":46,"column":31}}},"14":{"name":"clearSearch","decl":{"start":{"line":48,"column":11},"end":{"line":48,"column":22}},"loc":{"start":{"line":48,"column":22},"end":{"line":48,"column":115}}},"15":{"name":"onKeyDown","decl":{"start":{"line":49,"column":11},"end":{"line":49,"column":20}},"loc":{"start":{"line":49,"column":61},"end":{"line":57,"column":3}}},"16":{"name":"(anonymous_17)","decl":{"start":{"line":53,"column":66},"end":{"line":53,"column":67}},"loc":{"start":{"line":53,"column":71},"end":{"line":53,"column":84}}},"17":{"name":"(anonymous_18)","decl":{"start":{"line":54,"column":69},"end":{"line":54,"column":70}},"loc":{"start":{"line":54,"column":75},"end":{"line":54,"column":99}}},"18":{"name":"(anonymous_19)","decl":{"start":{"line":65,"column":67},"end":{"line":65,"column":68}},"loc":{"start":{"line":65,"column":72},"end":{"line":65,"column":117}}},"19":{"name":"(anonymous_20)","decl":{"start":{"line":66,"column":25},"end":{"line":66,"column":28}},"loc":{"start":{"line":66,"column":32},"end":{"line":66,"column":50}}},"20":{"name":"(anonymous_21)","decl":{"start":{"line":75,"column":24},"end":{"line":75,"column":25}},"loc":{"start":{"line":75,"column":29},"end":{"line":75,"column":104}}},"21":{"name":"(anonymous_22)","decl":{"start":{"line":76,"column":23},"end":{"line":76,"column":25}},"loc":{"start":{"line":76,"column":28},"end":{"line":76,"column":52}}},"22":{"name":"(anonymous_23)","decl":{"start":{"line":77,"column":22},"end":{"line":77,"column":24}},"loc":{"start":{"line":77,"column":27},"end":{"line":77,"column":74}}},"23":{"name":"(anonymous_24)","decl":{"start":{"line":77,"column":38},"end":{"line":77,"column":40}},"loc":{"start":{"line":77,"column":43},"end":{"line":77,"column":68}}},"24":{"name":"(anonymous_25)","decl":{"start":{"line":95,"column":37},"end":{"line":95,"column":38}},"loc":{"start":{"line":96,"column":22},"end":{"line":96,"column":null}}},"25":{"name":"(anonymous_26)","decl":{"start":{"line":100,"column":40},"end":{"line":100,"column":42}},"loc":{"start":{"line":100,"column":45},"end":{"line":100,"column":62}}},"26":{"name":"(anonymous_27)","decl":{"start":{"line":101,"column":39},"end":{"line":101,"column":40}},"loc":{"start":{"line":101,"column":45},"end":{"line":101,"column":63}}},"27":{"name":"(anonymous_28)","decl":{"start":{"line":102,"column":35},"end":{"line":102,"column":37}},"loc":{"start":{"line":102,"column":39},"end":{"line":102,"column":106}}},"28":{"name":"(anonymous_29)","decl":{"start":{"line":122,"column":26},"end":{"line":122,"column":27}},"loc":{"start":{"line":123,"column":10},"end":{"line":123,"column":34}}},"29":{"name":"(anonymous_30)","decl":{"start":{"line":128,"column":42},"end":{"line":128,"column":45}},"loc":{"start":{"line":128,"column":48},"end":{"line":128,"column":60}}},"30":{"name":"(anonymous_31)","decl":{"start":{"line":129,"column":4},"end":{"line":129,"column":7}},"loc":{"start":{"line":129,"column":9},"end":{"line":174,"column":3}}},"31":{"name":"(anonymous_32)","decl":{"start":{"line":134,"column":43},"end":{"line":134,"column":44}},"loc":{"start":{"line":134,"column":53},"end":{"line":134,"column":58}}},"32":{"name":"(anonymous_33)","decl":{"start":{"line":134,"column":64},"end":{"line":134,"column":65}},"loc":{"start":{"line":135,"column":8},"end":{"line":136,"column":null}}},"33":{"name":"(anonymous_34)","decl":{"start":{"line":138,"column":19},"end":{"line":138,"column":22}},"loc":{"start":{"line":138,"column":25},"end":{"line":138,"column":32}}},"34":{"name":"(anonymous_35)","decl":{"start":{"line":155,"column":19},"end":{"line":155,"column":20}},"loc":{"start":{"line":155,"column":31},"end":{"line":173,"column":5}}},"35":{"name":"(anonymous_36)","decl":{"start":{"line":167,"column":19},"end":{"line":167,"column":22}},"loc":{"start":{"line":167,"column":25},"end":{"line":167,"column":32}}},"36":{"name":"(anonymous_37)","decl":{"start":{"line":175,"column":42},"end":{"line":175,"column":45}},"loc":{"start":{"line":175,"column":48},"end":{"line":175,"column":60}}}},"branchMap":{"0":{"loc":{"start":{"line":15,"column":43},"end":{"line":15,"column":58}},"type":"default-arg","locations":[{"start":{"line":15,"column":56},"end":{"line":15,"column":58}}]},"1":{"loc":{"start":{"line":23,"column":34},"end":{"line":23,"column":109}},"type":"cond-expr","locations":[{"start":{"line":23,"column":53},"end":{"line":23,"column":61}},{"start":{"line":23,"column":64},"end":{"line":23,"column":109}}]},"2":{"loc":{"start":{"line":26,"column":32},"end":{"line":26,"column":115}},"type":"cond-expr","locations":[{"start":{"line":26,"column":48},"end":{"line":26,"column":102}},{"start":{"line":26,"column":105},"end":{"line":26,"column":115}}]},"3":{"loc":{"start":{"line":29,"column":4},"end":{"line":29,"column":31}},"type":"if","locations":[{"start":{"line":29,"column":4},"end":{"line":29,"column":31}}]},"4":{"loc":{"start":{"line":39,"column":18},"end":{"line":39,"column":62}},"type":"cond-expr","locations":[{"start":{"line":39,"column":28},"end":{"line":39,"column":29}},{"start":{"line":39,"column":32},"end":{"line":39,"column":62}}]},"5":{"loc":{"start":{"line":39,"column":32},"end":{"line":39,"column":62}},"type":"cond-expr","locations":[{"start":{"line":39,"column":42},"end":{"line":39,"column":43}},{"start":{"line":39,"column":46},"end":{"line":39,"column":62}}]},"6":{"loc":{"start":{"line":39,"column":46},"end":{"line":39,"column":62}},"type":"cond-expr","locations":[{"start":{"line":39,"column":56},"end":{"line":39,"column":57}},{"start":{"line":39,"column":60},"end":{"line":39,"column":62}}]},"7":{"loc":{"start":{"line":50,"column":4},"end":{"line":50,"column":48}},"type":"if","locations":[{"start":{"line":50,"column":4},"end":{"line":50,"column":48}}]},"8":{"loc":{"start":{"line":50,"column":7},"end":{"line":50,"column":39}},"type":"binary-expr","locations":[{"start":{"line":50,"column":7},"end":{"line":50,"column":23}},{"start":{"line":50,"column":27},"end":{"line":50,"column":39}}]},"9":{"loc":{"start":{"line":52,"column":4},"end":{"line":52,"column":25}},"type":"if","locations":[{"start":{"line":52,"column":4},"end":{"line":52,"column":25}}]},"10":{"loc":{"start":{"line":53,"column":4},"end":{"line":56,"column":81}},"type":"if","locations":[{"start":{"line":53,"column":4},"end":{"line":56,"column":81}},{"start":{"line":54,"column":9},"end":{"line":56,"column":81}}]},"11":{"loc":{"start":{"line":54,"column":9},"end":{"line":56,"column":81}},"type":"if","locations":[{"start":{"line":54,"column":9},"end":{"line":56,"column":81}},{"start":{"line":55,"column":9},"end":{"line":56,"column":81}}]},"12":{"loc":{"start":{"line":54,"column":75},"end":{"line":54,"column":99}},"type":"cond-expr","locations":[{"start":{"line":54,"column":84},"end":{"line":54,"column":91}},{"start":{"line":54,"column":94},"end":{"line":54,"column":99}}]},"13":{"loc":{"start":{"line":55,"column":9},"end":{"line":56,"column":81}},"type":"if","locations":[{"start":{"line":55,"column":9},"end":{"line":56,"column":81}},{"start":{"line":56,"column":9},"end":{"line":56,"column":81}}]},"14":{"loc":{"start":{"line":55,"column":32},"end":{"line":55,"column":132}},"type":"if","locations":[{"start":{"line":55,"column":32},"end":{"line":55,"column":132}}]},"15":{"loc":{"start":{"line":55,"column":35},"end":{"line":55,"column":72}},"type":"binary-expr","locations":[{"start":{"line":55,"column":35},"end":{"line":55,"column":51}},{"start":{"line":55,"column":55},"end":{"line":55,"column":72}}]},"16":{"loc":{"start":{"line":56,"column":9},"end":{"line":56,"column":81}},"type":"if","locations":[{"start":{"line":56,"column":9},"end":{"line":56,"column":81}}]},"17":{"loc":{"start":{"line":82,"column":37},"end":{"line":82,"column":88}},"type":"cond-expr","locations":[{"start":{"line":82,"column":56},"end":{"line":82,"column":76}},{"start":{"line":82,"column":79},"end":{"line":82,"column":88}}]},"18":{"loc":{"start":{"line":85,"column":13},"end":{"line":85,"column":113}},"type":"binary-expr","locations":[{"start":{"line":85,"column":13},"end":{"line":85,"column":18}},{"start":{"line":85,"column":22},"end":{"line":85,"column":113}}]},"19":{"loc":{"start":{"line":87,"column":55},"end":{"line":87,"column":83}},"type":"binary-expr","locations":[{"start":{"line":87,"column":55},"end":{"line":87,"column":70}},{"start":{"line":87,"column":74},"end":{"line":87,"column":83}}]},"20":{"loc":{"start":{"line":88,"column":15},"end":{"line":111,"column":null}},"type":"cond-expr","locations":[{"start":{"line":89,"column":16},"end":{"line":89,"column":78}},{"start":{"line":91,"column":16},"end":{"line":110,"column":null}}]},"21":{"loc":{"start":{"line":91,"column":16},"end":{"line":110,"column":null}},"type":"cond-expr","locations":[{"start":{"line":92,"column":18},"end":{"line":92,"column":65}},{"start":{"line":94,"column":18},"end":{"line":109,"column":null}}]},"22":{"loc":{"start":{"line":104,"column":37},"end":{"line":104,"column":73}},"type":"cond-expr","locations":[{"start":{"line":104,"column":54},"end":{"line":104,"column":62}},{"start":{"line":104,"column":64},"end":{"line":104,"column":73}}]},"23":{"loc":{"start":{"line":118,"column":7},"end":{"line":118,"column":67}},"type":"binary-expr","locations":[{"start":{"line":118,"column":7},"end":{"line":118,"column":14}},{"start":{"line":118,"column":18},"end":{"line":118,"column":67}}]},"24":{"loc":{"start":{"line":119,"column":7},"end":{"line":119,"column":65}},"type":"binary-expr","locations":[{"start":{"line":119,"column":7},"end":{"line":119,"column":12}},{"start":{"line":119,"column":16},"end":{"line":119,"column":24}},{"start":{"line":119,"column":28},"end":{"line":119,"column":65}}]},"25":{"loc":{"start":{"line":133,"column":4},"end":{"line":144,"column":5}},"type":"if","locations":[{"start":{"line":133,"column":4},"end":{"line":144,"column":5}}]},"26":{"loc":{"start":{"line":137,"column":21},"end":{"line":137,"column":71}},"type":"cond-expr","locations":[{"start":{"line":137,"column":37},"end":{"line":137,"column":56}},{"start":{"line":137,"column":59},"end":{"line":137,"column":71}}]},"27":{"loc":{"start":{"line":139,"column":24},"end":{"line":139,"column":58}},"type":"cond-expr","locations":[{"start":{"line":139,"column":40},"end":{"line":139,"column":46}},{"start":{"line":139,"column":49},"end":{"line":139,"column":58}}]},"28":{"loc":{"start":{"line":148,"column":4},"end":{"line":148,"column":58}},"type":"if","locations":[{"start":{"line":148,"column":4},"end":{"line":148,"column":58}}]},"29":{"loc":{"start":{"line":149,"column":4},"end":{"line":149,"column":70}},"type":"if","locations":[{"start":{"line":149,"column":4},"end":{"line":149,"column":70}}]},"30":{"loc":{"start":{"line":151,"column":4},"end":{"line":151,"column":36}},"type":"if","locations":[{"start":{"line":151,"column":4},"end":{"line":151,"column":36}}]},"31":{"loc":{"start":{"line":153,"column":4},"end":{"line":153,"column":43}},"type":"if","locations":[{"start":{"line":153,"column":4},"end":{"line":153,"column":43}}]},"32":{"loc":{"start":{"line":156,"column":6},"end":{"line":158,"column":7}},"type":"if","locations":[{"start":{"line":156,"column":6},"end":{"line":158,"column":7}}]},"33":{"loc":{"start":{"line":159,"column":6},"end":{"line":161,"column":7}},"type":"if","locations":[{"start":{"line":159,"column":6},"end":{"line":161,"column":7}}]},"34":{"loc":{"start":{"line":166,"column":21},"end":{"line":166,"column":71}},"type":"cond-expr","locations":[{"start":{"line":166,"column":37},"end":{"line":166,"column":56}},{"start":{"line":166,"column":59},"end":{"line":166,"column":71}}]},"35":{"loc":{"start":{"line":168,"column":24},"end":{"line":168,"column":58}},"type":"cond-expr","locations":[{"start":{"line":168,"column":40},"end":{"line":168,"column":46}},{"start":{"line":168,"column":49},"end":{"line":168,"column":58}}]}},"s":{"0":2,"1":2,"2":2,"3":2,"4":2,"5":2,"6":12,"7":6,"8":6,"9":6,"10":6,"11":6,"12":6,"13":2,"14":6,"15":2,"16":0,"17":6,"18":6,"19":3,"20":3,"21":6,"22":3,"23":2,"24":1,"25":3,"26":1,"27":1,"28":6,"29":6,"30":6,"31":2,"32":2,"33":2,"34":2,"35":2,"36":2,"37":2,"38":6,"39":3,"40":0,"41":0,"42":0,"43":0,"44":0,"45":0,"46":0,"47":0,"48":0,"49":0,"50":0,"51":0,"52":0,"53":0,"54":0,"55":0,"56":0,"57":0,"58":0,"59":0,"60":0,"61":0,"62":0,"63":0,"64":0,"65":0,"66":6,"67":0,"68":0,"69":14,"70":1,"71":1,"72":1,"73":0,"74":0,"75":0,"76":2,"77":0,"78":0,"79":0,"80":0,"81":0,"82":8,"83":0,"84":6,"85":6,"86":6,"87":6,"88":6,"89":6,"90":6,"91":0,"92":0,"93":0,"94":0,"95":0,"96":0,"97":0,"98":0,"99":0,"100":0,"101":0,"102":0,"103":0,"104":0,"105":0,"106":0,"107":0,"108":0,"109":0,"110":0,"111":0,"112":0,"113":0,"114":0,"115":0,"116":0,"117":0,"118":0},"f":{"0":12,"1":6,"2":2,"3":2,"4":0,"5":3,"6":3,"7":3,"8":3,"9":1,"10":2,"11":2,"12":2,"13":3,"14":0,"15":0,"16":0,"17":0,"18":0,"19":14,"20":1,"21":0,"22":0,"23":0,"24":2,"25":0,"26":0,"27":0,"28":8,"29":0,"30":6,"31":6,"32":6,"33":0,"34":0,"35":0,"36":0},"b":{"0":[0],"1":[2,0],"2":[1,2],"3":[2],"4":[0,2],"5":[0,2],"6":[0,2],"7":[0],"8":[0,0],"9":[0],"10":[0,0],"11":[0,0],"12":[0,0],"13":[0,0],"14":[0],"15":[0,0],"16":[0],"17":[0,6],"18":[6,2],"19":[6,4],"20":[4,2],"21":[0,2],"22":[0,2],"23":[6,0],"24":[6,0,0],"25":[6],"26":[6,0],"27":[6,0],"28":[0],"29":[0],"30":[0],"31":[0],"32":[0],"33":[0],"34":[0,0],"35":[0,0]}}
,"C:\\Users\\Mai\\Documents\\nttdata - clases\\proyecto\\my-market-MSD\\mi-market\\src\\pages\\NotFound.tsx": {"path":"C:\\Users\\Mai\\Documents\\nttdata - clases\\proyecto\\my-market-MSD\\mi-market\\src\\pages\\NotFound.tsx","statementMap":{"0":{"start":{"line":1,"column":0},"end":{"line":1,"column":24}},"1":{"start":{"line":2,"column":2},"end":{"line":9,"column":4}}},"fnMap":{"0":{"name":"NotFound","decl":{"start":{"line":1,"column":24},"end":{"line":1,"column":32}},"loc":{"start":{"line":1,"column":32},"end":{"line":10,"column":1}}}},"branchMap":{},"s":{"0":1,"1":1},"f":{"0":1},"b":{}}
,"C:\\Users\\Mai\\Documents\\nttdata - clases\\proyecto\\my-market-MSD\\mi-market\\src\\ui\\Button.tsx": {"path":"C:\\Users\\Mai\\Documents\\nttdata - clases\\proyecto\\my-market-MSD\\mi-market\\src\\ui\\Button.tsx","statementMap":{"0":{"start":{"line":6,"column":0},"end":{"line":6,"column":24}},"1":{"start":{"line":1,"column":0},"end":{"line":1,"column":30}},"2":{"start":{"line":7,"column":14},"end":{"line":7,"column":86}},"3":{"start":{"line":8,"column":2},"end":{"line":8,"column":63}}},"fnMap":{"0":{"name":"Button","decl":{"start":{"line":6,"column":24},"end":{"line":6,"column":30}},"loc":{"start":{"line":6,"column":104},"end":{"line":9,"column":1}}}},"branchMap":{"0":{"loc":{"start":{"line":6,"column":43},"end":{"line":6,"column":60}},"type":"default-arg","locations":[{"start":{"line":6,"column":51},"end":{"line":6,"column":60}}]},"1":{"loc":{"start":{"line":6,"column":62},"end":{"line":6,"column":72}},"type":"default-arg","locations":[{"start":{"line":6,"column":67},"end":{"line":6,"column":72}}]},"2":{"loc":{"start":{"line":6,"column":74},"end":{"line":6,"column":86}},"type":"default-arg","locations":[{"start":{"line":6,"column":84},"end":{"line":6,"column":86}}]},"3":{"loc":{"start":{"line":7,"column":31},"end":{"line":7,"column":48}},"type":"cond-expr","locations":[{"start":{"line":7,"column":37},"end":{"line":7,"column":43}},{"start":{"line":7,"column":46},"end":{"line":7,"column":48}}]}},"s":{"0":11,"1":11,"2":69,"3":69},"f":{"0":69},"b":{"0":[21],"1":[69],"2":[57],"3":[0,69]}}
,"C:\\Users\\Mai\\Documents\\nttdata - clases\\proyecto\\my-market-MSD\\mi-market\\src\\ui\\Input.tsx": {"path":"C:\\Users\\Mai\\Documents\\nttdata - clases\\proyecto\\my-market-MSD\\mi-market\\src\\ui\\Input.tsx","statementMap":{"0":{"start":{"line":6,"column":0},"end":{"line":6,"column":24}},"1":{"start":{"line":1,"column":0},"end":{"line":1,"column":29}},"2":{"start":{"line":7,"column":18},"end":{"line":7,"column":46}},"3":{"start":{"line":8,"column":2},"end":{"line":14,"column":4}}},"fnMap":{"0":{"name":"Input","decl":{"start":{"line":6,"column":24},"end":{"line":6,"column":29}},"loc":{"start":{"line":6,"column":66},"end":{"line":15,"column":1}}}},"branchMap":{"0":{"loc":{"start":{"line":7,"column":18},"end":{"line":7,"column":46}},"type":"binary-expr","locations":[{"start":{"line":7,"column":18},"end":{"line":7,"column":20}},{"start":{"line":7,"column":24},"end":{"line":7,"column":33}},{"start":{"line":7,"column":37},"end":{"line":7,"column":46}}]},"1":{"loc":{"start":{"line":10,"column":7},"end":{"line":10,"column":36}},"type":"binary-expr","locations":[{"start":{"line":10,"column":7},"end":{"line":10,"column":12}},{"start":{"line":10,"column":16},"end":{"line":10,"column":36}}]},"2":{"loc":{"start":{"line":12,"column":7},"end":{"line":12,"column":67}},"type":"binary-expr","locations":[{"start":{"line":12,"column":7},"end":{"line":12,"column":12}},{"start":{"line":12,"column":16},"end":{"line":12,"column":67}}]}},"s":{"0":3,"1":3,"2":17,"3":17},"f":{"0":17},"b":{"0":[17,17,17],"1":[17,0],"2":[17,0]}}
}
