TN:
SF:src\App.tsx
FN:12,fetchAllProducts
FN:21,(anonymous_2)
FN:37,fetchCategories
FN:44,RequireAuth
FN:54,App
FN:55,(anonymous_6)
FN:65,(anonymous_7)
FN:67,(anonymous_8)
FN:82,(anonymous_9)
FN:85,(anonymous_10)
FN:87,getStock
FN:88,setProductStock
FN:89,(anonymous_13)
FN:89,(anonymous_14)
FN:92,(anonymous_15)
FN:93,(anonymous_16)
FN:94,(anonymous_17)
FN:102,(anonymous_18)
FN:110,(anonymous_19)
FN:111,(anonymous_20)
FN:112,(anonymous_21)
FN:121,(anonymous_22)
FN:122,(anonymous_23)
FN:122,(anonymous_24)
FN:125,logout
FN:147,(anonymous_26)
FN:175,(anonymous_27)
FNF:27
FNH:11
FNDA:7,fetchAllProducts
FNDA:0,(anonymous_2)
FNDA:7,fetchCategories
FNDA:8,RequireAuth
FNDA:13,App
FNDA:7,(anonymous_6)
FNDA:7,(anonymous_7)
FNDA:7,(anonymous_8)
FNDA:7,(anonymous_9)
FNDA:9,(anonymous_10)
FNDA:0,getStock
FNDA:0,setProductStock
FNDA:0,(anonymous_13)
FNDA:0,(anonymous_14)
FNDA:0,(anonymous_15)
FNDA:0,(anonymous_16)
FNDA:0,(anonymous_17)
FNDA:0,(anonymous_18)
FNDA:0,(anonymous_19)
FNDA:0,(anonymous_20)
FNDA:0,(anonymous_21)
FNDA:0,(anonymous_22)
FNDA:0,(anonymous_23)
FNDA:0,(anonymous_24)
FNDA:1,logout
FNDA:1,(anonymous_26)
FNDA:0,(anonymous_27)
DA:1,1
DA:2,1
DA:3,1
DA:4,1
DA:5,1
DA:6,1
DA:7,1
DA:8,1
DA:13,7
DA:14,7
DA:15,7
DA:16,7
DA:17,7
DA:18,7
DA:19,7
DA:20,7
DA:21,7
DA:30,7
DA:31,7
DA:32,7
DA:34,7
DA:38,7
DA:39,5
DA:40,5
DA:41,5
DA:45,8
DA:46,8
DA:47,8
DA:48,8
DA:49,2
DA:51,6
DA:54,1
DA:55,13
DA:56,7
DA:57,7
DA:59,13
DA:60,13
DA:61,13
DA:62,13
DA:63,13
DA:65,13
DA:66,7
DA:67,7
DA:68,7
DA:69,7
DA:70,7
DA:71,5
DA:72,5
DA:73,5
DA:74,5
DA:76,1
DA:77,1
DA:79,6
DA:82,7
DA:85,13
DA:87,0
DA:89,0
DA:92,13
DA:93,0
DA:94,0
DA:95,0
DA:96,0
DA:97,0
DA:98,0
DA:100,0
DA:102,0
DA:103,0
DA:104,0
DA:105,0
DA:106,0
DA:110,13
DA:111,0
DA:112,0
DA:113,0
DA:114,0
DA:115,0
DA:116,0
DA:117,0
DA:121,13
DA:122,0
DA:126,1
DA:127,1
DA:130,13
DA:148,1
DA:149,1
DA:175,0
LF:86
LH:63
BRDA:19,0,0,0
BRDA:21,1,0,7
BRDA:21,1,1,0
BRDA:26,2,0,0
BRDA:26,2,1,0
BRDA:26,2,2,0
BRDA:26,2,3,0
BRDA:31,3,0,7
BRDA:31,3,1,0
BRDA:32,4,0,7
BRDA:32,4,1,0
BRDA:39,5,0,0
BRDA:41,6,0,5
BRDA:41,6,1,0
BRDA:48,7,0,2
BRDA:57,8,0,3
BRDA:57,8,1,4
BRDA:71,9,0,0
BRDA:76,10,0,0
BRDA:79,11,0,6
BRDA:85,12,0,4
BRDA:85,12,1,5
BRDA:87,13,0,0
BRDA:87,13,1,0
BRDA:89,14,0,0
BRDA:89,14,1,0
BRDA:95,15,0,0
BRDA:103,16,0,0
BRDA:113,17,0,0
BRDA:132,18,0,13
BRDA:132,18,1,6
BRDA:137,19,0,13
BRDA:137,19,1,8
BRDA:146,20,0,6
BRDA:146,20,1,7
BRF:35
BRH:16
end_of_record
TN:
SF:src\components\Footer.tsx
FN:2,Footer
FNF:1
FNH:1
FNDA:1,Footer
DA:1,1
DA:2,1
DA:3,1
LF:3
LH:3
BRF:0
BRH:0
end_of_record
TN:
SF:src\components\Header.tsx
FN:5,Header
FN:14,(anonymous_2)
FN:15,(anonymous_3)
FNF:3
FNH:3
FNDA:2,Header
FNDA:2,(anonymous_2)
FNDA:2,(anonymous_3)
DA:1,2
DA:2,2
DA:3,2
DA:5,2
DA:6,2
DA:14,2
DA:15,2
LF:7
LH:7
BRDA:9,0,0,2
BRDA:9,0,1,0
BRDA:14,1,0,0
BRDA:14,1,1,2
BRDA:15,2,0,0
BRDA:15,2,1,2
BRDA:18,3,0,2
BRDA:18,3,1,2
BRDA:19,4,0,2
BRDA:19,4,1,2
BRF:10
BRH:7
end_of_record
TN:
SF:src\components\ProductCard.tsx
FN:8,ProductCard
FN:13,(anonymous_2)
FN:19,(anonymous_3)
FN:19,(anonymous_4)
FN:20,(anonymous_5)
FN:20,(anonymous_6)
FN:45,(anonymous_7)
FN:45,(anonymous_8)
FN:50,(anonymous_9)
FNF:9
FNH:7
FNDA:14,ProductCard
FNDA:2,(anonymous_2)
FNDA:3,(anonymous_3)
FNDA:3,(anonymous_4)
FNDA:3,(anonymous_5)
FNDA:3,(anonymous_6)
FNDA:0,(anonymous_7)
FNDA:0,(anonymous_8)
FNDA:1,(anonymous_9)
DA:1,3
DA:2,3
DA:3,3
DA:9,14
DA:10,14
DA:11,14
DA:13,14
DA:14,2
DA:15,2
DA:16,2
DA:17,2
DA:19,14
DA:20,14
DA:22,14
DA:45,0
DA:50,1
DA:57,3
LF:17
LH:16
BRDA:10,0,0,14
BRDA:10,0,1,0
BRDA:15,1,0,1
BRDA:15,1,1,1
BRDA:16,2,0,2
BRDA:16,2,1,0
BRDA:19,3,0,3
BRDA:19,3,1,0
BRDA:32,4,0,14
BRDA:32,4,1,1
BRDA:42,5,0,14
BRDA:42,5,1,1
BRDA:45,6,0,0
BRDA:45,6,1,0
BRF:14
BRH:9
end_of_record
TN:
SF:src\hooks\usePagination.ts
FN:3,usePagination
FN:6,(anonymous_1)
FN:10,goTo
FNF:3
FNH:3
FNDA:16,usePagination
FNDA:13,(anonymous_1)
FNDA:4,goTo
DA:1,3
DA:3,3
DA:4,16
DA:5,16
DA:6,16
DA:7,13
DA:8,13
DA:10,4
DA:11,16
LF:9
LH:9
BRDA:10,0,0,1
BRDA:10,0,1,3
BRDA:10,1,0,1
BRDA:10,1,1,2
BRF:4
BRH:4
end_of_record
TN:
SF:src\pages\Cart.tsx
FN:19,Cart
FN:20,(anonymous_2)
FN:32,validateAll
FN:43,onSubmit
FN:71,(anonymous_5)
FN:81,(anonymous_6)
FN:88,(anonymous_7)
FN:94,(anonymous_8)
FN:97,(anonymous_9)
FN:101,(anonymous_10)
FN:122,(anonymous_11)
FN:126,(anonymous_12)
FN:126,(anonymous_13)
FN:136,(anonymous_14)
FN:140,(anonymous_15)
FN:140,(anonymous_16)
FN:151,(anonymous_17)
FN:152,(anonymous_18)
FN:152,(anonymous_19)
FN:157,(anonymous_20)
FN:165,(anonymous_21)
FN:172,(anonymous_22)
FN:172,(anonymous_23)
FN:183,(anonymous_24)
FN:184,(anonymous_25)
FN:184,(anonymous_26)
FN:194,(anonymous_27)
FNF:27
FNH:12
FNDA:12,Cart
FNDA:11,(anonymous_2)
FNDA:2,validateAll
FNDA:2,onSubmit
FNDA:11,(anonymous_5)
FNDA:0,(anonymous_6)
FNDA:0,(anonymous_7)
FNDA:0,(anonymous_8)
FNDA:0,(anonymous_9)
FNDA:0,(anonymous_10)
FNDA:1,(anonymous_11)
FNDA:0,(anonymous_12)
FNDA:0,(anonymous_13)
FNDA:1,(anonymous_14)
FNDA:0,(anonymous_15)
FNDA:0,(anonymous_16)
FNDA:1,(anonymous_17)
FNDA:0,(anonymous_18)
FNDA:0,(anonymous_19)
FNDA:600,(anonymous_20)
FNDA:1,(anonymous_21)
FNDA:0,(anonymous_22)
FNDA:0,(anonymous_23)
FNDA:1,(anonymous_24)
FNDA:0,(anonymous_25)
FNDA:0,(anonymous_26)
FNDA:1,(anonymous_27)
DA:1,3
DA:2,3
DA:3,3
DA:6,3
DA:7,3
DA:9,3
DA:19,3
DA:20,12
DA:21,12
DA:23,12
DA:24,12
DA:25,12
DA:26,12
DA:27,12
DA:28,12
DA:30,12
DA:33,2
DA:34,2
DA:35,2
DA:36,2
DA:37,2
DA:38,2
DA:39,2
DA:40,2
DA:44,2
DA:45,2
DA:46,2
DA:47,1
DA:48,1
DA:51,12
DA:72,11
DA:73,11
DA:74,11
DA:81,0
DA:89,0
DA:90,0
DA:91,0
DA:92,0
DA:94,0
DA:97,0
DA:101,0
DA:123,1
DA:124,1
DA:126,0
DA:137,1
DA:138,1
DA:140,0
DA:151,1
DA:152,0
DA:157,600
DA:166,1
DA:167,1
DA:168,1
DA:170,1
DA:172,0
DA:183,1
DA:184,0
DA:194,1
LF:58
LH:45
BRDA:34,0,0,1
BRDA:35,1,0,1
BRDA:36,2,0,1
BRDA:37,3,0,1
BRDA:38,4,0,1
BRDA:45,5,0,0
BRDA:46,6,0,1
BRDA:68,7,0,12
BRDA:68,7,1,1
BRDA:72,8,0,11
BRDA:72,8,1,0
BRDA:90,9,0,0
BRDA:90,9,1,0
BRDA:126,10,0,0
BRDA:126,10,1,0
BRDA:130,11,0,12
BRDA:130,11,1,11
BRDA:140,12,0,0
BRDA:140,12,1,0
BRDA:144,13,0,12
BRDA:144,13,1,11
BRDA:152,14,0,0
BRDA:152,14,1,0
BRDA:159,15,0,12
BRDA:159,15,1,11
BRDA:167,16,0,1
BRDA:172,17,0,0
BRDA:172,17,1,0
BRDA:176,18,0,12
BRDA:176,18,1,11
BRDA:184,19,0,0
BRDA:184,19,1,0
BRDA:188,20,0,12
BRDA:188,20,1,11
BRF:34
BRH:20
end_of_record
TN:
SF:src\pages\Login.tsx
FN:6,Login
FN:15,submit
FN:35,openForgot
FN:36,closeForgot
FN:37,sendForgot
FN:49,(anonymous_6)
FN:50,(anonymous_7)
FN:66,(anonymous_8)
FNF:8
FNH:5
FNDA:8,Login
FNDA:1,submit
FNDA:1,openForgot
FNDA:0,closeForgot
FNDA:0,sendForgot
FNDA:1,(anonymous_6)
FNDA:1,(anonymous_7)
FNDA:0,(anonymous_8)
DA:1,3
DA:2,3
DA:3,3
DA:4,3
DA:6,3
DA:7,8
DA:8,8
DA:9,8
DA:10,8
DA:11,8
DA:12,8
DA:13,8
DA:16,1
DA:17,1
DA:18,1
DA:19,1
DA:20,1
DA:25,1
DA:26,1
DA:27,1
DA:29,0
DA:31,1
DA:35,1
DA:36,0
DA:38,0
DA:39,0
DA:40,0
DA:41,0
DA:42,0
DA:45,8
DA:49,1
DA:50,1
DA:66,0
LF:33
LH:25
BRDA:25,0,0,0
BRDA:29,1,0,0
BRDA:29,1,1,0
BRDA:40,2,0,0
BRDA:51,3,0,8
BRDA:51,3,1,0
BRDA:53,4,0,1
BRDA:53,4,1,7
BRDA:58,5,0,8
BRDA:58,5,1,1
BRDA:67,6,0,1
BRDA:67,6,1,0
BRF:12
BRH:6
end_of_record
TN:
SF:src\pages\Market.tsx
FN:13,normalize
FN:15,Market
FN:21,(anonymous_3)
FN:23,(anonymous_4)
FN:23,(anonymous_5)
FN:26,(anonymous_6)
FN:26,(anonymous_7)
FN:28,(anonymous_8)
FN:30,(anonymous_9)
FN:30,(anonymous_10)
FN:36,(anonymous_11)
FN:37,compute
FN:44,(anonymous_13)
FN:46,(anonymous_14)
FN:48,clearSearch
FN:49,onKeyDown
FN:53,(anonymous_17)
FN:54,(anonymous_18)
FN:65,(anonymous_19)
FN:66,(anonymous_20)
FN:75,(anonymous_21)
FN:76,(anonymous_22)
FN:77,(anonymous_23)
FN:77,(anonymous_24)
FN:95,(anonymous_25)
FN:100,(anonymous_26)
FN:101,(anonymous_27)
FN:102,(anonymous_28)
FN:122,(anonymous_29)
FN:128,(anonymous_30)
FN:129,(anonymous_31)
FN:134,(anonymous_32)
FN:134,(anonymous_33)
FN:138,(anonymous_34)
FN:155,(anonymous_35)
FN:167,(anonymous_36)
FN:175,(anonymous_37)
FNF:37
FNH:20
FNDA:12,normalize
FNDA:6,Market
FNDA:2,(anonymous_3)
FNDA:2,(anonymous_4)
FNDA:0,(anonymous_5)
FNDA:3,(anonymous_6)
FNDA:3,(anonymous_7)
FNDA:3,(anonymous_8)
FNDA:3,(anonymous_9)
FNDA:1,(anonymous_10)
FNDA:2,(anonymous_11)
FNDA:2,compute
FNDA:2,(anonymous_13)
FNDA:3,(anonymous_14)
FNDA:0,clearSearch
FNDA:0,onKeyDown
FNDA:0,(anonymous_17)
FNDA:0,(anonymous_18)
FNDA:0,(anonymous_19)
FNDA:14,(anonymous_20)
FNDA:1,(anonymous_21)
FNDA:0,(anonymous_22)
FNDA:0,(anonymous_23)
FNDA:0,(anonymous_24)
FNDA:2,(anonymous_25)
FNDA:0,(anonymous_26)
FNDA:0,(anonymous_27)
FNDA:0,(anonymous_28)
FNDA:8,(anonymous_29)
FNDA:0,(anonymous_30)
FNDA:6,(anonymous_31)
FNDA:6,(anonymous_32)
FNDA:6,(anonymous_33)
FNDA:0,(anonymous_34)
FNDA:0,(anonymous_35)
FNDA:0,(anonymous_36)
FNDA:0,(anonymous_37)
DA:1,2
DA:2,2
DA:3,2
DA:5,2
DA:12,2
DA:13,12
DA:15,2
DA:16,6
DA:17,6
DA:18,6
DA:19,6
DA:20,6
DA:21,6
DA:23,6
DA:24,6
DA:26,6
DA:28,6
DA:29,3
DA:30,3
DA:31,1
DA:34,6
DA:35,6
DA:36,6
DA:38,2
DA:39,2
DA:40,2
DA:42,2
DA:43,2
DA:44,2
DA:46,6
DA:48,0
DA:50,0
DA:51,0
DA:52,0
DA:53,0
DA:54,0
DA:55,0
DA:56,0
DA:59,6
DA:65,0
DA:66,14
DA:75,1
DA:76,0
DA:77,0
DA:96,2
DA:100,0
DA:101,0
DA:102,0
DA:123,8
DA:128,0
DA:130,6
DA:131,6
DA:132,6
DA:133,6
DA:134,6
DA:135,6
DA:138,0
DA:145,0
DA:146,0
DA:147,0
DA:148,0
DA:149,0
DA:150,0
DA:151,0
DA:152,0
DA:153,0
DA:154,0
DA:155,0
DA:156,0
DA:157,0
DA:159,0
DA:160,0
DA:162,0
DA:163,0
DA:167,0
DA:175,0
LF:76
LH:41
BRDA:15,0,0,0
BRDA:23,1,0,2
BRDA:23,1,1,0
BRDA:26,2,0,1
BRDA:26,2,1,2
BRDA:29,3,0,2
BRDA:39,4,0,0
BRDA:39,4,1,2
BRDA:39,5,0,0
BRDA:39,5,1,2
BRDA:39,6,0,0
BRDA:39,6,1,2
BRDA:50,7,0,0
BRDA:50,8,0,0
BRDA:50,8,1,0
BRDA:52,9,0,0
BRDA:53,10,0,0
BRDA:53,10,1,0
BRDA:54,11,0,0
BRDA:54,11,1,0
BRDA:54,12,0,0
BRDA:54,12,1,0
BRDA:55,13,0,0
BRDA:55,13,1,0
BRDA:55,14,0,0
BRDA:55,15,0,0
BRDA:55,15,1,0
BRDA:56,16,0,0
BRDA:82,17,0,0
BRDA:82,17,1,6
BRDA:85,18,0,6
BRDA:85,18,1,2
BRDA:87,19,0,6
BRDA:87,19,1,4
BRDA:88,20,0,4
BRDA:88,20,1,2
BRDA:91,21,0,0
BRDA:91,21,1,2
BRDA:104,22,0,0
BRDA:104,22,1,2
BRDA:118,23,0,6
BRDA:118,23,1,0
BRDA:119,24,0,6
BRDA:119,24,1,0
BRDA:119,24,2,0
BRDA:133,25,0,6
BRDA:137,26,0,6
BRDA:137,26,1,0
BRDA:139,27,0,6
BRDA:139,27,1,0
BRDA:148,28,0,0
BRDA:149,29,0,0
BRDA:151,30,0,0
BRDA:153,31,0,0
BRDA:156,32,0,0
BRDA:159,33,0,0
BRDA:166,34,0,0
BRDA:166,34,1,0
BRDA:168,35,0,0
BRDA:168,35,1,0
BRF:60
BRH:21
end_of_record
TN:
SF:src\pages\NotFound.tsx
FN:1,NotFound
FNF:1
FNH:1
FNDA:1,NotFound
DA:1,1
DA:2,1
LF:2
LH:2
BRF:0
BRH:0
end_of_record
TN:
SF:src\ui\Button.tsx
FN:6,Button
FNF:1
FNH:1
FNDA:69,Button
DA:1,11
DA:6,11
DA:7,69
DA:8,69
LF:4
LH:4
BRDA:6,0,0,21
BRDA:6,1,0,69
BRDA:6,2,0,57
BRDA:7,3,0,0
BRDA:7,3,1,69
BRF:5
BRH:4
end_of_record
TN:
SF:src\ui\Input.tsx
FN:6,Input
FNF:1
FNH:1
FNDA:17,Input
DA:1,3
DA:6,3
DA:7,17
DA:8,17
LF:4
LH:4
BRDA:7,0,0,17
BRDA:7,0,1,17
BRDA:7,0,2,17
BRDA:10,1,0,17
BRDA:10,1,1,0
BRDA:12,2,0,17
BRDA:12,2,1,0
BRF:7
BRH:5
end_of_record
